2025-03-16T21:27:47: 
2025-03-16T21:27:47: > FHERP@10.1.0-FHERPstart
2025-03-16T21:27:47: > next start
2025-03-16T21:27:47: 
2025-03-16T21:27:48: [Error: ENOENT: no such file or directory, open '/Volumes/mycode/mysoft_2026/myERP2025-master/myReact_ERP_v6.3.2/.next/BUILD_ID'] {
2025-03-16T21:27:48:   errno: -2,
2025-03-16T21:27:48:   code: 'ENOENT',
2025-03-16T21:27:48:   syscall: 'open',
2025-03-16T21:27:48:   path: '/Volumes/mycode/mysoft_2026/myERP2025-master/myReact_ERP_v6.3.2/.next/BUILD_ID'
2025-03-16T21:27:48: }
2025-03-16T21:27:49: 
2025-03-16T21:27:49: > FHERP@10.1.0-FHERPstart
2025-03-16T21:27:49: > next start
2025-03-16T21:27:49: 
2025-03-16T21:27:50: [Error: ENOENT: no such file or directory, open '/Volumes/mycode/mysoft_2026/myERP2025-master/myReact_ERP_v6.3.2/.next/BUILD_ID'] {
2025-03-16T21:27:50:   errno: -2,
2025-03-16T21:27:50:   code: 'ENOENT',
2025-03-16T21:27:50:   syscall: 'open',
2025-03-16T21:27:50:   path: '/Volumes/mycode/mysoft_2026/myERP2025-master/myReact_ERP_v6.3.2/.next/BUILD_ID'
2025-03-16T21:27:50: }
2025-03-16T21:27:51: 
2025-03-16T21:27:51: > FHERP@10.1.0-FHERPstart
2025-03-16T21:27:51: > next start
2025-03-16T21:27:51: 
2025-03-16T21:27:51: [Error: ENOENT: no such file or directory, open '/Volumes/mycode/mysoft_2026/myERP2025-master/myReact_ERP_v6.3.2/.next/BUILD_ID'] {
2025-03-16T21:27:51:   errno: -2,
2025-03-16T21:27:51:   code: 'ENOENT',
2025-03-16T21:27:51:   syscall: 'open',
2025-03-16T21:27:51:   path: '/Volumes/mycode/mysoft_2026/myERP2025-master/myReact_ERP_v6.3.2/.next/BUILD_ID'
2025-03-16T21:27:51: }
2025-03-16T21:27:52: 
2025-03-16T21:27:52: > FHERP@10.1.0-FHERPstart
2025-03-16T21:27:52: > next start
2025-03-16T21:27:52: 
2025-03-16T21:27:53: [Error: ENOENT: no such file or directory, open '/Volumes/mycode/mysoft_2026/myERP2025-master/myReact_ERP_v6.3.2/.next/BUILD_ID'] {
2025-03-16T21:27:53:   errno: -2,
2025-03-16T21:27:53:   code: 'ENOENT',
2025-03-16T21:27:53:   syscall: 'open',
2025-03-16T21:27:53:   path: '/Volumes/mycode/mysoft_2026/myERP2025-master/myReact_ERP_v6.3.2/.next/BUILD_ID'
2025-03-16T21:27:53: }
2025-03-16T21:27:54: 
2025-03-16T21:27:54: > FHERP@10.1.0-FHERPstart
2025-03-16T21:27:54: > next start
2025-03-16T21:27:54: 
2025-03-16T21:27:54: [Error: ENOENT: no such file or directory, open '/Volumes/mycode/mysoft_2026/myERP2025-master/myReact_ERP_v6.3.2/.next/BUILD_ID'] {
2025-03-16T21:27:54:   errno: -2,
2025-03-16T21:27:54:   code: 'ENOENT',
2025-03-16T21:27:54:   syscall: 'open',
2025-03-16T21:27:54:   path: '/Volumes/mycode/mysoft_2026/myERP2025-master/myReact_ERP_v6.3.2/.next/BUILD_ID'
2025-03-16T21:27:54: }
2025-03-16T21:27:55: 
2025-03-16T21:27:55: > FHERP@10.1.0-FHERPstart
2025-03-16T21:27:55: > next start
2025-03-16T21:27:55: 
2025-03-16T21:27:55: [Error: ENOENT: no such file or directory, open '/Volumes/mycode/mysoft_2026/myERP2025-master/myReact_ERP_v6.3.2/.next/BUILD_ID'] {
2025-03-16T21:27:55:   errno: -2,
2025-03-16T21:27:55:   code: 'ENOENT',
2025-03-16T21:27:55:   syscall: 'open',
2025-03-16T21:27:55:   path: '/Volumes/mycode/mysoft_2026/myERP2025-master/myReact_ERP_v6.3.2/.next/BUILD_ID'
2025-03-16T21:27:55: }
2025-03-16T21:27:56: 
2025-03-16T21:27:56: > FHERP@10.1.0-FHERPstart
2025-03-16T21:27:56: > next start
2025-03-16T21:27:56: 
2025-03-16T21:27:57: [Error: ENOENT: no such file or directory, open '/Volumes/mycode/mysoft_2026/myERP2025-master/myReact_ERP_v6.3.2/.next/BUILD_ID'] {
2025-03-16T21:27:57:   errno: -2,
2025-03-16T21:27:57:   code: 'ENOENT',
2025-03-16T21:27:57:   syscall: 'open',
2025-03-16T21:27:57:   path: '/Volumes/mycode/mysoft_2026/myERP2025-master/myReact_ERP_v6.3.2/.next/BUILD_ID'
2025-03-16T21:27:57: }
2025-03-16T21:27:59: 
2025-03-16T21:27:59: > FHERP@10.1.0-FHERPstart
2025-03-16T21:27:59: > next start
2025-03-16T21:27:59: 
2025-03-16T21:28:00: [Error: ENOENT: no such file or directory, open '/Volumes/mycode/mysoft_2026/myERP2025-master/myReact_ERP_v6.3.2/.next/BUILD_ID'] {
2025-03-16T21:28:00:   errno: -2,
2025-03-16T21:28:00:   code: 'ENOENT',
2025-03-16T21:28:00:   syscall: 'open',
2025-03-16T21:28:00:   path: '/Volumes/mycode/mysoft_2026/myERP2025-master/myReact_ERP_v6.3.2/.next/BUILD_ID'
2025-03-16T21:28:00: }
2025-03-16T21:28:01: 
2025-03-16T21:28:01: > FHERP@10.1.0-FHERPstart
2025-03-16T21:28:01: > next start
2025-03-16T21:28:01: 
2025-03-16T21:28:01: [Error: ENOENT: no such file or directory, open '/Volumes/mycode/mysoft_2026/myERP2025-master/myReact_ERP_v6.3.2/.next/BUILD_ID'] {
2025-03-16T21:28:01:   errno: -2,
2025-03-16T21:28:01:   code: 'ENOENT',
2025-03-16T21:28:01:   syscall: 'open',
2025-03-16T21:28:01:   path: '/Volumes/mycode/mysoft_2026/myERP2025-master/myReact_ERP_v6.3.2/.next/BUILD_ID'
2025-03-16T21:28:01: }
2025-03-16T21:28:03: 
2025-03-16T21:28:03: > FHERP@10.1.0-FHERPstart
2025-03-16T21:28:03: > next start
2025-03-16T21:28:03: 
2025-03-16T21:28:03: [Error: ENOENT: no such file or directory, open '/Volumes/mycode/mysoft_2026/myERP2025-master/myReact_ERP_v6.3.2/.next/BUILD_ID'] {
2025-03-16T21:28:03:   errno: -2,
2025-03-16T21:28:03:   code: 'ENOENT',
2025-03-16T21:28:03:   syscall: 'open',
2025-03-16T21:28:03:   path: '/Volumes/mycode/mysoft_2026/myERP2025-master/myReact_ERP_v6.3.2/.next/BUILD_ID'
2025-03-16T21:28:03: }
2025-03-16T21:28:04: 
2025-03-16T21:28:04: > FHERP@10.1.0-FHERPstart
2025-03-16T21:28:04: > next start
2025-03-16T21:28:04: 
2025-03-16T21:28:06: [Error: ENOENT: no such file or directory, open '/Volumes/mycode/mysoft_2026/myERP2025-master/myReact_ERP_v6.3.2/.next/BUILD_ID'] {
2025-03-16T21:28:06:   errno: -2,
2025-03-16T21:28:06:   code: 'ENOENT',
2025-03-16T21:28:06:   syscall: 'open',
2025-03-16T21:28:06:   path: '/Volumes/mycode/mysoft_2026/myERP2025-master/myReact_ERP_v6.3.2/.next/BUILD_ID'
2025-03-16T21:28:06: }
2025-03-16T21:28:07: 
2025-03-16T21:28:07: > FHERP@10.1.0-FHERPstart
2025-03-16T21:28:07: > next start
2025-03-16T21:28:07: 
2025-03-16T21:28:08: [Error: ENOENT: no such file or directory, open '/Volumes/mycode/mysoft_2026/myERP2025-master/myReact_ERP_v6.3.2/.next/BUILD_ID'] {
2025-03-16T21:28:08:   errno: -2,
2025-03-16T21:28:08:   code: 'ENOENT',
2025-03-16T21:28:08:   syscall: 'open',
2025-03-16T21:28:08:   path: '/Volumes/mycode/mysoft_2026/myERP2025-master/myReact_ERP_v6.3.2/.next/BUILD_ID'
2025-03-16T21:28:08: }
2025-03-16T21:28:08: 
2025-03-16T21:28:08: > FHERP@10.1.0-FHERPstart
2025-03-16T21:28:08: > next start
2025-03-16T21:28:08: 
2025-03-16T21:28:09: [Error: ENOENT: no such file or directory, open '/Volumes/mycode/mysoft_2026/myERP2025-master/myReact_ERP_v6.3.2/.next/BUILD_ID'] {
2025-03-16T21:28:09:   errno: -2,
2025-03-16T21:28:09:   code: 'ENOENT',
2025-03-16T21:28:09:   syscall: 'open',
2025-03-16T21:28:09:   path: '/Volumes/mycode/mysoft_2026/myERP2025-master/myReact_ERP_v6.3.2/.next/BUILD_ID'
2025-03-16T21:28:09: }
2025-03-16T21:28:10: 
2025-03-16T21:28:10: > FHERP@10.1.0-FHERPstart
2025-03-16T21:28:10: > next start
2025-03-16T21:28:10: 
2025-03-16T21:28:11: [Error: ENOENT: no such file or directory, open '/Volumes/mycode/mysoft_2026/myERP2025-master/myReact_ERP_v6.3.2/.next/BUILD_ID'] {
2025-03-16T21:28:11:   errno: -2,
2025-03-16T21:28:11:   code: 'ENOENT',
2025-03-16T21:28:11:   syscall: 'open',
2025-03-16T21:28:11:   path: '/Volumes/mycode/mysoft_2026/myERP2025-master/myReact_ERP_v6.3.2/.next/BUILD_ID'
2025-03-16T21:28:11: }
2025-03-16T21:28:12: 
2025-03-16T21:28:12: > FHERP@10.1.0-FHERPstart
2025-03-16T21:28:12: > next start
2025-03-16T21:28:12: 
2025-03-16T21:28:13: [Error: ENOENT: no such file or directory, open '/Volumes/mycode/mysoft_2026/myERP2025-master/myReact_ERP_v6.3.2/.next/BUILD_ID'] {
2025-03-16T21:28:13:   errno: -2,
2025-03-16T21:28:13:   code: 'ENOENT',
2025-03-16T21:28:13:   syscall: 'open',
2025-03-16T21:28:13:   path: '/Volumes/mycode/mysoft_2026/myERP2025-master/myReact_ERP_v6.3.2/.next/BUILD_ID'
2025-03-16T21:28:13: }
2025-03-16T21:28:14: 
2025-03-16T21:28:14: > FHERP@10.1.0-FHERPstart
2025-03-16T21:28:14: > next start
2025-03-16T21:28:14: 
2025-03-16T21:28:14: [Error: ENOENT: no such file or directory, open '/Volumes/mycode/mysoft_2026/myERP2025-master/myReact_ERP_v6.3.2/.next/BUILD_ID'] {
2025-03-16T21:28:14:   errno: -2,
2025-03-16T21:28:14:   code: 'ENOENT',
2025-03-16T21:28:14:   syscall: 'open',
2025-03-16T21:28:14:   path: '/Volumes/mycode/mysoft_2026/myERP2025-master/myReact_ERP_v6.3.2/.next/BUILD_ID'
2025-03-16T21:28:14: }
2025-03-16T21:28:15: 
2025-03-16T21:28:15: > FHERP@10.1.0-FHERPstart
2025-03-16T21:28:15: > next start
2025-03-16T21:28:15: 
2025-03-16T21:28:16: [Error: ENOENT: no such file or directory, open '/Volumes/mycode/mysoft_2026/myERP2025-master/myReact_ERP_v6.3.2/.next/BUILD_ID'] {
2025-03-16T21:28:16:   errno: -2,
2025-03-16T21:28:16:   code: 'ENOENT',
2025-03-16T21:28:16:   syscall: 'open',
2025-03-16T21:28:16:   path: '/Volumes/mycode/mysoft_2026/myERP2025-master/myReact_ERP_v6.3.2/.next/BUILD_ID'
2025-03-16T21:28:16: }
2025-03-16T21:28:17: 
2025-03-16T21:28:17: > FHERP@10.1.0-FHERPstart
2025-03-16T21:28:17: > next start
2025-03-16T21:28:17: 
2025-03-16T21:28:17: [Error: ENOENT: no such file or directory, open '/Volumes/mycode/mysoft_2026/myERP2025-master/myReact_ERP_v6.3.2/.next/BUILD_ID'] {
2025-03-16T21:28:17:   errno: -2,
2025-03-16T21:28:17:   code: 'ENOENT',
2025-03-16T21:28:17:   syscall: 'open',
2025-03-16T21:28:17:   path: '/Volumes/mycode/mysoft_2026/myERP2025-master/myReact_ERP_v6.3.2/.next/BUILD_ID'
2025-03-16T21:28:17: }
2025-03-16T21:28:18: 
2025-03-16T21:28:18: > FHERP@10.1.0-FHERPstart
2025-03-16T21:28:18: > next start
2025-03-16T21:28:18: 
2025-03-16T21:28:19: [Error: ENOENT: no such file or directory, open '/Volumes/mycode/mysoft_2026/myERP2025-master/myReact_ERP_v6.3.2/.next/BUILD_ID'] {
2025-03-16T21:28:19:   errno: -2,
2025-03-16T21:28:19:   code: 'ENOENT',
2025-03-16T21:28:19:   syscall: 'open',
2025-03-16T21:28:19:   path: '/Volumes/mycode/mysoft_2026/myERP2025-master/myReact_ERP_v6.3.2/.next/BUILD_ID'
2025-03-16T21:28:19: }
2025-03-16T21:28:20: 
2025-03-16T21:28:20: > FHERP@10.1.0-FHERPstart
2025-03-16T21:28:20: > next start
2025-03-16T21:28:20: 
2025-03-16T21:28:20: [Error: ENOENT: no such file or directory, open '/Volumes/mycode/mysoft_2026/myERP2025-master/myReact_ERP_v6.3.2/.next/BUILD_ID'] {
2025-03-16T21:28:20:   errno: -2,
2025-03-16T21:28:20:   code: 'ENOENT',
2025-03-16T21:28:20:   syscall: 'open',
2025-03-16T21:28:20:   path: '/Volumes/mycode/mysoft_2026/myERP2025-master/myReact_ERP_v6.3.2/.next/BUILD_ID'
2025-03-16T21:28:20: }
2025-03-16T21:28:21: 
2025-03-16T21:28:21: > FHERP@10.1.0-FHERPstart
2025-03-16T21:28:21: > next start
2025-03-16T21:28:21: 
2025-03-16T21:28:22: [Error: ENOENT: no such file or directory, open '/Volumes/mycode/mysoft_2026/myERP2025-master/myReact_ERP_v6.3.2/.next/BUILD_ID'] {
2025-03-16T21:28:22:   errno: -2,
2025-03-16T21:28:22:   code: 'ENOENT',
2025-03-16T21:28:22:   syscall: 'open',
2025-03-16T21:28:22:   path: '/Volumes/mycode/mysoft_2026/myERP2025-master/myReact_ERP_v6.3.2/.next/BUILD_ID'
2025-03-16T21:28:22: }
2025-03-16T21:28:22: 
2025-03-16T21:28:22: > FHERP@10.1.0-FHERPstart
2025-03-16T21:28:22: > next start
2025-03-16T21:28:22: 
2025-03-16T21:28:23: [Error: ENOENT: no such file or directory, open '/Volumes/mycode/mysoft_2026/myERP2025-master/myReact_ERP_v6.3.2/.next/BUILD_ID'] {
2025-03-16T21:28:23:   errno: -2,
2025-03-16T21:28:23:   code: 'ENOENT',
2025-03-16T21:28:23:   syscall: 'open',
2025-03-16T21:28:23:   path: '/Volumes/mycode/mysoft_2026/myERP2025-master/myReact_ERP_v6.3.2/.next/BUILD_ID'
2025-03-16T21:28:23: }
2025-03-16T21:28:24: 
2025-03-16T21:28:24: > FHERP@10.1.0-FHERPstart
2025-03-16T21:28:24: > next start
2025-03-16T21:28:24: 
2025-03-16T21:28:25: [Error: ENOENT: no such file or directory, open '/Volumes/mycode/mysoft_2026/myERP2025-master/myReact_ERP_v6.3.2/.next/BUILD_ID'] {
2025-03-16T21:28:25:   errno: -2,
2025-03-16T21:28:25:   code: 'ENOENT',
2025-03-16T21:28:25:   syscall: 'open',
2025-03-16T21:28:25:   path: '/Volumes/mycode/mysoft_2026/myERP2025-master/myReact_ERP_v6.3.2/.next/BUILD_ID'
2025-03-16T21:28:25: }
2025-03-16T21:28:26: 
2025-03-16T21:28:26: > FHERP@10.1.0-FHERPstart
2025-03-16T21:28:26: > next start
2025-03-16T21:28:26: 
2025-03-16T21:28:27: [Error: ENOENT: no such file or directory, open '/Volumes/mycode/mysoft_2026/myERP2025-master/myReact_ERP_v6.3.2/.next/BUILD_ID'] {
2025-03-16T21:28:27:   errno: -2,
2025-03-16T21:28:27:   code: 'ENOENT',
2025-03-16T21:28:27:   syscall: 'open',
2025-03-16T21:28:27:   path: '/Volumes/mycode/mysoft_2026/myERP2025-master/myReact_ERP_v6.3.2/.next/BUILD_ID'
2025-03-16T21:28:27: }
2025-03-16T21:28:28: 
2025-03-16T21:28:28: > FHERP@10.1.0-FHERPstart
2025-03-16T21:28:28: > next start
2025-03-16T21:28:28: 
2025-03-16T21:28:28: [Error: ENOENT: no such file or directory, open '/Volumes/mycode/mysoft_2026/myERP2025-master/myReact_ERP_v6.3.2/.next/BUILD_ID'] {
2025-03-16T21:28:28:   errno: -2,
2025-03-16T21:28:28:   code: 'ENOENT',
2025-03-16T21:28:28:   syscall: 'open',
2025-03-16T21:28:28:   path: '/Volumes/mycode/mysoft_2026/myERP2025-master/myReact_ERP_v6.3.2/.next/BUILD_ID'
2025-03-16T21:28:28: }
2025-03-16T21:28:30: 
2025-03-16T21:28:30: > FHERP@10.1.0-FHERPstart
2025-03-16T21:28:30: > next start
2025-03-16T21:28:30: 
2025-03-16T21:28:31: [Error: ENOENT: no such file or directory, open '/Volumes/mycode/mysoft_2026/myERP2025-master/myReact_ERP_v6.3.2/.next/BUILD_ID'] {
2025-03-16T21:28:31:   errno: -2,
2025-03-16T21:28:31:   code: 'ENOENT',
2025-03-16T21:28:31:   syscall: 'open',
2025-03-16T21:28:31:   path: '/Volumes/mycode/mysoft_2026/myERP2025-master/myReact_ERP_v6.3.2/.next/BUILD_ID'
2025-03-16T21:28:31: }
2025-03-16T21:28:32: 
2025-03-16T21:28:32: > FHERP@10.1.0-FHERPstart
2025-03-16T21:28:32: > next start
2025-03-16T21:28:32: 
2025-03-16T21:28:32: [Error: ENOENT: no such file or directory, open '/Volumes/mycode/mysoft_2026/myERP2025-master/myReact_ERP_v6.3.2/.next/BUILD_ID'] {
2025-03-16T21:28:32:   errno: -2,
2025-03-16T21:28:32:   code: 'ENOENT',
2025-03-16T21:28:32:   syscall: 'open',
2025-03-16T21:28:32:   path: '/Volumes/mycode/mysoft_2026/myERP2025-master/myReact_ERP_v6.3.2/.next/BUILD_ID'
2025-03-16T21:28:32: }
2025-03-16T21:28:33: 
2025-03-16T21:28:33: > FHERP@10.1.0-FHERPstart
2025-03-16T21:28:33: > next start
2025-03-16T21:28:33: 
2025-03-16T21:28:34: [Error: ENOENT: no such file or directory, open '/Volumes/mycode/mysoft_2026/myERP2025-master/myReact_ERP_v6.3.2/.next/BUILD_ID'] {
2025-03-16T21:28:34:   errno: -2,
2025-03-16T21:28:34:   code: 'ENOENT',
2025-03-16T21:28:34:   syscall: 'open',
2025-03-16T21:28:34:   path: '/Volumes/mycode/mysoft_2026/myERP2025-master/myReact_ERP_v6.3.2/.next/BUILD_ID'
2025-03-16T21:28:34: }
2025-03-16T21:28:35: 
2025-03-16T21:28:35: > FHERP@10.1.0-FHERPstart
2025-03-16T21:28:35: > next start
2025-03-16T21:28:35: 
2025-03-16T21:28:36: [Error: ENOENT: no such file or directory, open '/Volumes/mycode/mysoft_2026/myERP2025-master/myReact_ERP_v6.3.2/.next/BUILD_ID'] {
2025-03-16T21:28:36:   errno: -2,
2025-03-16T21:28:36:   code: 'ENOENT',
2025-03-16T21:28:36:   syscall: 'open',
2025-03-16T21:28:36:   path: '/Volumes/mycode/mysoft_2026/myERP2025-master/myReact_ERP_v6.3.2/.next/BUILD_ID'
2025-03-16T21:28:36: }
2025-03-16T21:28:36: 
2025-03-16T21:28:36: > FHERP@10.1.0-FHERPstart
2025-03-16T21:28:36: > next start
2025-03-16T21:28:36: 
2025-03-16T21:28:37: [Error: ENOENT: no such file or directory, open '/Volumes/mycode/mysoft_2026/myERP2025-master/myReact_ERP_v6.3.2/.next/BUILD_ID'] {
2025-03-16T21:28:37:   errno: -2,
2025-03-16T21:28:37:   code: 'ENOENT',
2025-03-16T21:28:37:   syscall: 'open',
2025-03-16T21:28:37:   path: '/Volumes/mycode/mysoft_2026/myERP2025-master/myReact_ERP_v6.3.2/.next/BUILD_ID'
2025-03-16T21:28:37: }
2025-03-16T21:28:38: 
2025-03-16T21:28:38: > FHERP@10.1.0-FHERPstart
2025-03-16T21:28:38: > next start
2025-03-16T21:28:38: 
2025-03-16T21:28:39: [Error: ENOENT: no such file or directory, open '/Volumes/mycode/mysoft_2026/myERP2025-master/myReact_ERP_v6.3.2/.next/BUILD_ID'] {
2025-03-16T21:28:39:   errno: -2,
2025-03-16T21:28:39:   code: 'ENOENT',
2025-03-16T21:28:39:   syscall: 'open',
2025-03-16T21:28:39:   path: '/Volumes/mycode/mysoft_2026/myERP2025-master/myReact_ERP_v6.3.2/.next/BUILD_ID'
2025-03-16T21:28:39: }
2025-03-16T21:28:39: 
2025-03-16T21:28:39: > FHERP@10.1.0-FHERPstart
2025-03-16T21:28:39: > next start
2025-03-16T21:28:39: 
2025-03-16T21:28:40: [Error: ENOENT: no such file or directory, open '/Volumes/mycode/mysoft_2026/myERP2025-master/myReact_ERP_v6.3.2/.next/BUILD_ID'] {
2025-03-16T21:28:40:   errno: -2,
2025-03-16T21:28:40:   code: 'ENOENT',
2025-03-16T21:28:40:   syscall: 'open',
2025-03-16T21:28:40:   path: '/Volumes/mycode/mysoft_2026/myERP2025-master/myReact_ERP_v6.3.2/.next/BUILD_ID'
2025-03-16T21:28:40: }
2025-03-16T21:28:41: 
2025-03-16T21:28:41: > FHERP@10.1.0-FHERPstart
2025-03-16T21:28:41: > next start
2025-03-16T21:28:41: 
2025-03-16T21:28:41: [Error: ENOENT: no such file or directory, open '/Volumes/mycode/mysoft_2026/myERP2025-master/myReact_ERP_v6.3.2/.next/BUILD_ID'] {
2025-03-16T21:28:41:   errno: -2,
2025-03-16T21:28:41:   code: 'ENOENT',
2025-03-16T21:28:41:   syscall: 'open',
2025-03-16T21:28:41:   path: '/Volumes/mycode/mysoft_2026/myERP2025-master/myReact_ERP_v6.3.2/.next/BUILD_ID'
2025-03-16T21:28:41: }
2025-03-16T21:28:42: 
2025-03-16T21:28:42: > FHERP@10.1.0-FHERPstart
2025-03-16T21:28:42: > next start
2025-03-16T21:28:42: 
2025-03-16T21:28:43: [Error: ENOENT: no such file or directory, open '/Volumes/mycode/mysoft_2026/myERP2025-master/myReact_ERP_v6.3.2/.next/BUILD_ID'] {
2025-03-16T21:28:43:   errno: -2,
2025-03-16T21:28:43:   code: 'ENOENT',
2025-03-16T21:28:43:   syscall: 'open',
2025-03-16T21:28:43:   path: '/Volumes/mycode/mysoft_2026/myERP2025-master/myReact_ERP_v6.3.2/.next/BUILD_ID'
2025-03-16T21:28:43: }
2025-03-16T21:28:44: 
2025-03-16T21:28:44: > FHERP@10.1.0-FHERPstart
2025-03-16T21:28:44: > next start
2025-03-16T21:28:44: 
2025-03-16T21:28:44: [Error: ENOENT: no such file or directory, open '/Volumes/mycode/mysoft_2026/myERP2025-master/myReact_ERP_v6.3.2/.next/BUILD_ID'] {
2025-03-16T21:28:44:   errno: -2,
2025-03-16T21:28:44:   code: 'ENOENT',
2025-03-16T21:28:44:   syscall: 'open',
2025-03-16T21:28:44:   path: '/Volumes/mycode/mysoft_2026/myERP2025-master/myReact_ERP_v6.3.2/.next/BUILD_ID'
2025-03-16T21:28:44: }
2025-03-16T21:28:46: 
2025-03-16T21:28:46: > FHERP@10.1.0-FHERPstart
2025-03-16T21:28:46: > next start
2025-03-16T21:28:46: 
2025-03-16T21:28:47: [Error: ENOENT: no such file or directory, open '/Volumes/mycode/mysoft_2026/myERP2025-master/myReact_ERP_v6.3.2/.next/BUILD_ID'] {
2025-03-16T21:28:47:   errno: -2,
2025-03-16T21:28:47:   code: 'ENOENT',
2025-03-16T21:28:47:   syscall: 'open',
2025-03-16T21:28:47:   path: '/Volumes/mycode/mysoft_2026/myERP2025-master/myReact_ERP_v6.3.2/.next/BUILD_ID'
2025-03-16T21:28:47: }
2025-03-16T21:28:47: 
2025-03-16T21:28:47: > FHERP@10.1.0-FHERPstart
2025-03-16T21:28:47: > next start
2025-03-16T21:28:47: 
2025-03-16T21:28:48: [Error: ENOENT: no such file or directory, open '/Volumes/mycode/mysoft_2026/myERP2025-master/myReact_ERP_v6.3.2/.next/BUILD_ID'] {
2025-03-16T21:28:48:   errno: -2,
2025-03-16T21:28:48:   code: 'ENOENT',
2025-03-16T21:28:48:   syscall: 'open',
2025-03-16T21:28:48:   path: '/Volumes/mycode/mysoft_2026/myERP2025-master/myReact_ERP_v6.3.2/.next/BUILD_ID'
2025-03-16T21:28:48: }
2025-03-16T21:28:49: 
2025-03-16T21:28:49: > FHERP@10.1.0-FHERPstart
2025-03-16T21:28:49: > next start
2025-03-16T21:28:49: 
2025-03-16T21:28:49: [Error: ENOENT: no such file or directory, open '/Volumes/mycode/mysoft_2026/myERP2025-master/myReact_ERP_v6.3.2/.next/BUILD_ID'] {
2025-03-16T21:28:49:   errno: -2,
2025-03-16T21:28:49:   code: 'ENOENT',
2025-03-16T21:28:49:   syscall: 'open',
2025-03-16T21:28:49:   path: '/Volumes/mycode/mysoft_2026/myERP2025-master/myReact_ERP_v6.3.2/.next/BUILD_ID'
2025-03-16T21:28:49: }
2025-03-16T21:28:50: 
2025-03-16T21:28:50: > FHERP@10.1.0-FHERPstart
2025-03-16T21:28:50: > next start
2025-03-16T21:28:50: 
2025-03-16T21:28:51: [Error: ENOENT: no such file or directory, open '/Volumes/mycode/mysoft_2026/myERP2025-master/myReact_ERP_v6.3.2/.next/BUILD_ID'] {
2025-03-16T21:28:51:   errno: -2,
2025-03-16T21:28:51:   code: 'ENOENT',
2025-03-16T21:28:51:   syscall: 'open',
2025-03-16T21:28:51:   path: '/Volumes/mycode/mysoft_2026/myERP2025-master/myReact_ERP_v6.3.2/.next/BUILD_ID'
2025-03-16T21:28:51: }
2025-03-16T21:28:52: 
2025-03-16T21:28:52: > FHERP@10.1.0-FHERPstart
2025-03-16T21:28:52: > next start
2025-03-16T21:28:52: 
2025-03-16T21:28:53: [Error: ENOENT: no such file or directory, open '/Volumes/mycode/mysoft_2026/myERP2025-master/myReact_ERP_v6.3.2/.next/BUILD_ID'] {
2025-03-16T21:28:53:   errno: -2,
2025-03-16T21:28:53:   code: 'ENOENT',
2025-03-16T21:28:53:   syscall: 'open',
2025-03-16T21:28:53:   path: '/Volumes/mycode/mysoft_2026/myERP2025-master/myReact_ERP_v6.3.2/.next/BUILD_ID'
2025-03-16T21:28:53: }
2025-03-16T21:28:54: 
2025-03-16T21:28:54: > FHERP@10.1.0-FHERPstart
2025-03-16T21:28:54: > next start
2025-03-16T21:28:54: 
2025-03-16T21:28:55: [Error: ENOENT: no such file or directory, open '/Volumes/mycode/mysoft_2026/myERP2025-master/myReact_ERP_v6.3.2/.next/BUILD_ID'] {
2025-03-16T21:28:55:   errno: -2,
2025-03-16T21:28:55:   code: 'ENOENT',
2025-03-16T21:28:55:   syscall: 'open',
2025-03-16T21:28:55:   path: '/Volumes/mycode/mysoft_2026/myERP2025-master/myReact_ERP_v6.3.2/.next/BUILD_ID'
2025-03-16T21:28:55: }
2025-03-16T21:28:56: 
2025-03-16T21:28:56: > FHERP@10.1.0-FHERPstart
2025-03-16T21:28:56: > next start
2025-03-16T21:28:56: 
2025-03-16T21:28:57: [Error: ENOENT: no such file or directory, open '/Volumes/mycode/mysoft_2026/myERP2025-master/myReact_ERP_v6.3.2/.next/BUILD_ID'] {
2025-03-16T21:28:57:   errno: -2,
2025-03-16T21:28:57:   code: 'ENOENT',
2025-03-16T21:28:57:   syscall: 'open',
2025-03-16T21:28:57:   path: '/Volumes/mycode/mysoft_2026/myERP2025-master/myReact_ERP_v6.3.2/.next/BUILD_ID'
2025-03-16T21:28:57: }
2025-03-16T21:28:57: 
2025-03-16T21:28:57: > FHERP@10.1.0-FHERPstart
2025-03-16T21:28:57: > next start
2025-03-16T21:28:57: 
2025-03-16T21:28:58: [Error: ENOENT: no such file or directory, open '/Volumes/mycode/mysoft_2026/myERP2025-master/myReact_ERP_v6.3.2/.next/BUILD_ID'] {
2025-03-16T21:28:58:   errno: -2,
2025-03-16T21:28:58:   code: 'ENOENT',
2025-03-16T21:28:58:   syscall: 'open',
2025-03-16T21:28:58:   path: '/Volumes/mycode/mysoft_2026/myERP2025-master/myReact_ERP_v6.3.2/.next/BUILD_ID'
2025-03-16T21:28:58: }
2025-03-16T21:28:59: 
2025-03-16T21:28:59: > FHERP@10.1.0-FHERPstart
2025-03-16T21:28:59: > next start
2025-03-16T21:28:59: 
2025-03-16T21:28:59: [Error: ENOENT: no such file or directory, open '/Volumes/mycode/mysoft_2026/myERP2025-master/myReact_ERP_v6.3.2/.next/BUILD_ID'] {
2025-03-16T21:28:59:   errno: -2,
2025-03-16T21:28:59:   code: 'ENOENT',
2025-03-16T21:28:59:   syscall: 'open',
2025-03-16T21:28:59:   path: '/Volumes/mycode/mysoft_2026/myERP2025-master/myReact_ERP_v6.3.2/.next/BUILD_ID'
2025-03-16T21:28:59: }
2025-03-16T21:29:00: 
2025-03-16T21:29:00: > FHERP@10.1.0-FHERPstart
2025-03-16T21:29:00: > next start
2025-03-16T21:29:00: 
2025-03-16T21:29:01: [Error: ENOENT: no such file or directory, open '/Volumes/mycode/mysoft_2026/myERP2025-master/myReact_ERP_v6.3.2/.next/BUILD_ID'] {
2025-03-16T21:29:01:   errno: -2,
2025-03-16T21:29:01:   code: 'ENOENT',
2025-03-16T21:29:01:   syscall: 'open',
2025-03-16T21:29:01:   path: '/Volumes/mycode/mysoft_2026/myERP2025-master/myReact_ERP_v6.3.2/.next/BUILD_ID'
2025-03-16T21:29:01: }
2025-03-16T21:29:02: 
2025-03-16T21:29:02: > FHERP@10.1.0-FHERPstart
2025-03-16T21:29:02: > next start
2025-03-16T21:29:02: 
2025-03-16T21:29:02: [Error: ENOENT: no such file or directory, open '/Volumes/mycode/mysoft_2026/myERP2025-master/myReact_ERP_v6.3.2/.next/BUILD_ID'] {
2025-03-16T21:29:02:   errno: -2,
2025-03-16T21:29:02:   code: 'ENOENT',
2025-03-16T21:29:02:   syscall: 'open',
2025-03-16T21:29:02:   path: '/Volumes/mycode/mysoft_2026/myERP2025-master/myReact_ERP_v6.3.2/.next/BUILD_ID'
2025-03-16T21:29:02: }
2025-03-16T21:29:03: 
2025-03-16T21:29:03: > FHERP@10.1.0-FHERPstart
2025-03-16T21:29:03: > next start
2025-03-16T21:29:03: 
2025-03-16T21:29:04: [Error: ENOENT: no such file or directory, open '/Volumes/mycode/mysoft_2026/myERP2025-master/myReact_ERP_v6.3.2/.next/BUILD_ID'] {
2025-03-16T21:29:04:   errno: -2,
2025-03-16T21:29:04:   code: 'ENOENT',
2025-03-16T21:29:04:   syscall: 'open',
2025-03-16T21:29:04:   path: '/Volumes/mycode/mysoft_2026/myERP2025-master/myReact_ERP_v6.3.2/.next/BUILD_ID'
2025-03-16T21:29:04: }
2025-03-16T21:29:05: 
2025-03-16T21:29:05: > FHERP@10.1.0-FHERPstart
2025-03-16T21:29:05: > next start
2025-03-16T21:29:05: 
2025-03-16T21:29:06: [Error: ENOENT: no such file or directory, open '/Volumes/mycode/mysoft_2026/myERP2025-master/myReact_ERP_v6.3.2/.next/BUILD_ID'] {
2025-03-16T21:29:06:   errno: -2,
2025-03-16T21:29:06:   code: 'ENOENT',
2025-03-16T21:29:06:   syscall: 'open',
2025-03-16T21:29:06:   path: '/Volumes/mycode/mysoft_2026/myERP2025-master/myReact_ERP_v6.3.2/.next/BUILD_ID'
2025-03-16T21:29:06: }
2025-03-16T21:29:07: 
2025-03-16T21:29:07: > FHERP@10.1.0-FHERPstart
2025-03-16T21:29:07: > next start
2025-03-16T21:29:07: 
2025-03-16T21:29:08: [Error: ENOENT: no such file or directory, open '/Volumes/mycode/mysoft_2026/myERP2025-master/myReact_ERP_v6.3.2/.next/BUILD_ID'] {
2025-03-16T21:29:08:   errno: -2,
2025-03-16T21:29:08:   code: 'ENOENT',
2025-03-16T21:29:08:   syscall: 'open',
2025-03-16T21:29:08:   path: '/Volumes/mycode/mysoft_2026/myERP2025-master/myReact_ERP_v6.3.2/.next/BUILD_ID'
2025-03-16T21:29:08: }
2025-03-16T21:29:09: 
2025-03-16T21:29:09: > FHERP@10.1.0-FHERPstart
2025-03-16T21:29:09: > next start
2025-03-16T21:29:09: 
2025-03-16T21:29:09: [Error: ENOENT: no such file or directory, open '/Volumes/mycode/mysoft_2026/myERP2025-master/myReact_ERP_v6.3.2/.next/BUILD_ID'] {
2025-03-16T21:29:09:   errno: -2,
2025-03-16T21:29:09:   code: 'ENOENT',
2025-03-16T21:29:09:   syscall: 'open',
2025-03-16T21:29:09:   path: '/Volumes/mycode/mysoft_2026/myERP2025-master/myReact_ERP_v6.3.2/.next/BUILD_ID'
2025-03-16T21:29:09: }
2025-03-16T21:29:10: 
2025-03-16T21:29:10: > FHERP@10.1.0-FHERPstart
2025-03-16T21:29:10: > next start
2025-03-16T21:29:10: 
2025-03-16T21:29:11: [Error: ENOENT: no such file or directory, open '/Volumes/mycode/mysoft_2026/myERP2025-master/myReact_ERP_v6.3.2/.next/BUILD_ID'] {
2025-03-16T21:29:11:   errno: -2,
2025-03-16T21:29:11:   code: 'ENOENT',
2025-03-16T21:29:11:   syscall: 'open',
2025-03-16T21:29:11:   path: '/Volumes/mycode/mysoft_2026/myERP2025-master/myReact_ERP_v6.3.2/.next/BUILD_ID'
2025-03-16T21:29:11: }
2025-03-16T21:29:12: 
2025-03-16T21:29:12: > FHERP@10.1.0-FHERPstart
2025-03-16T21:29:12: > next start
2025-03-16T21:29:12: 
2025-03-16T21:29:12: [Error: ENOENT: no such file or directory, open '/Volumes/mycode/mysoft_2026/myERP2025-master/myReact_ERP_v6.3.2/.next/BUILD_ID'] {
2025-03-16T21:29:12:   errno: -2,
2025-03-16T21:29:12:   code: 'ENOENT',
2025-03-16T21:29:12:   syscall: 'open',
2025-03-16T21:29:12:   path: '/Volumes/mycode/mysoft_2026/myERP2025-master/myReact_ERP_v6.3.2/.next/BUILD_ID'
2025-03-16T21:29:12: }
2025-03-16T21:29:13: 
2025-03-16T21:29:13: > FHERP@10.1.0-FHERPstart
2025-03-16T21:29:13: > next start
2025-03-16T21:29:13: 
2025-03-16T21:29:14: [Error: ENOENT: no such file or directory, open '/Volumes/mycode/mysoft_2026/myERP2025-master/myReact_ERP_v6.3.2/.next/BUILD_ID'] {
2025-03-16T21:29:14:   errno: -2,
2025-03-16T21:29:14:   code: 'ENOENT',
2025-03-16T21:29:14:   syscall: 'open',
2025-03-16T21:29:14:   path: '/Volumes/mycode/mysoft_2026/myERP2025-master/myReact_ERP_v6.3.2/.next/BUILD_ID'
2025-03-16T21:29:14: }
2025-03-16T21:29:14: 
2025-03-16T21:29:14: > FHERP@10.1.0-FHERPstart
2025-03-16T21:29:14: > next start
2025-03-16T21:29:14: 
2025-03-16T21:29:15: [Error: ENOENT: no such file or directory, open '/Volumes/mycode/mysoft_2026/myERP2025-master/myReact_ERP_v6.3.2/.next/BUILD_ID'] {
2025-03-16T21:29:15:   errno: -2,
2025-03-16T21:29:15:   code: 'ENOENT',
2025-03-16T21:29:15:   syscall: 'open',
2025-03-16T21:29:15:   path: '/Volumes/mycode/mysoft_2026/myERP2025-master/myReact_ERP_v6.3.2/.next/BUILD_ID'
2025-03-16T21:29:15: }
2025-03-16T21:29:16: 
2025-03-16T21:29:16: > FHERP@10.1.0-FHERPstart
2025-03-16T21:29:16: > next start
2025-03-16T21:29:16: 
2025-03-16T21:29:17: [Error: ENOENT: no such file or directory, open '/Volumes/mycode/mysoft_2026/myERP2025-master/myReact_ERP_v6.3.2/.next/BUILD_ID'] {
2025-03-16T21:29:17:   errno: -2,
2025-03-16T21:29:17:   code: 'ENOENT',
2025-03-16T21:29:17:   syscall: 'open',
2025-03-16T21:29:17:   path: '/Volumes/mycode/mysoft_2026/myERP2025-master/myReact_ERP_v6.3.2/.next/BUILD_ID'
2025-03-16T21:29:17: }
2025-03-16T21:29:18: 
2025-03-16T21:29:18: > FHERP@10.1.0-FHERPstart
2025-03-16T21:29:18: > next start
2025-03-16T21:29:18: 
2025-03-16T21:29:19: [Error: ENOENT: no such file or directory, open '/Volumes/mycode/mysoft_2026/myERP2025-master/myReact_ERP_v6.3.2/.next/BUILD_ID'] {
2025-03-16T21:29:19:   errno: -2,
2025-03-16T21:29:19:   code: 'ENOENT',
2025-03-16T21:29:19:   syscall: 'open',
2025-03-16T21:29:19:   path: '/Volumes/mycode/mysoft_2026/myERP2025-master/myReact_ERP_v6.3.2/.next/BUILD_ID'
2025-03-16T21:29:19: }
2025-03-16T21:29:19: 
2025-03-16T21:29:19: > FHERP@10.1.0-FHERPstart
2025-03-16T21:29:19: > next start
2025-03-16T21:29:19: 
2025-03-16T21:29:20: [Error: ENOENT: no such file or directory, open '/Volumes/mycode/mysoft_2026/myERP2025-master/myReact_ERP_v6.3.2/.next/BUILD_ID'] {
2025-03-16T21:29:20:   errno: -2,
2025-03-16T21:29:20:   code: 'ENOENT',
2025-03-16T21:29:20:   syscall: 'open',
2025-03-16T21:29:20:   path: '/Volumes/mycode/mysoft_2026/myERP2025-master/myReact_ERP_v6.3.2/.next/BUILD_ID'
2025-03-16T21:29:20: }
2025-03-16T21:29:21: 
2025-03-16T21:29:21: > FHERP@10.1.0-FHERPstart
2025-03-16T21:29:21: > next start
2025-03-16T21:29:21: 
2025-03-16T21:29:22: [Error: ENOENT: no such file or directory, open '/Volumes/mycode/mysoft_2026/myERP2025-master/myReact_ERP_v6.3.2/.next/BUILD_ID'] {
2025-03-16T21:29:22:   errno: -2,
2025-03-16T21:29:22:   code: 'ENOENT',
2025-03-16T21:29:22:   syscall: 'open',
2025-03-16T21:29:22:   path: '/Volumes/mycode/mysoft_2026/myERP2025-master/myReact_ERP_v6.3.2/.next/BUILD_ID'
2025-03-16T21:29:22: }
2025-03-16T21:29:22: 
2025-03-16T21:29:22: > FHERP@10.1.0-FHERPstart
2025-03-16T21:29:22: > next start
2025-03-16T21:29:22: 
2025-03-16T21:29:23: [Error: ENOENT: no such file or directory, open '/Volumes/mycode/mysoft_2026/myERP2025-master/myReact_ERP_v6.3.2/.next/BUILD_ID'] {
2025-03-16T21:29:23:   errno: -2,
2025-03-16T21:29:23:   code: 'ENOENT',
2025-03-16T21:29:23:   syscall: 'open',
2025-03-16T21:29:23:   path: '/Volumes/mycode/mysoft_2026/myERP2025-master/myReact_ERP_v6.3.2/.next/BUILD_ID'
2025-03-16T21:29:23: }
2025-03-16T21:29:24: 
2025-03-16T21:29:24: > FHERP@10.1.0-FHERPstart
2025-03-16T21:29:24: > next start
2025-03-16T21:29:24: 
2025-03-16T21:29:25: [Error: ENOENT: no such file or directory, open '/Volumes/mycode/mysoft_2026/myERP2025-master/myReact_ERP_v6.3.2/.next/BUILD_ID'] {
2025-03-16T21:29:25:   errno: -2,
2025-03-16T21:29:25:   code: 'ENOENT',
2025-03-16T21:29:25:   syscall: 'open',
2025-03-16T21:29:25:   path: '/Volumes/mycode/mysoft_2026/myERP2025-master/myReact_ERP_v6.3.2/.next/BUILD_ID'
2025-03-16T21:29:25: }
2025-03-16T21:29:26: 
2025-03-16T21:29:26: > FHERP@10.1.0-FHERPstart
2025-03-16T21:29:26: > next start
2025-03-16T21:29:26: 
2025-03-16T21:29:26: [Error: ENOENT: no such file or directory, open '/Volumes/mycode/mysoft_2026/myERP2025-master/myReact_ERP_v6.3.2/.next/BUILD_ID'] {
2025-03-16T21:29:26:   errno: -2,
2025-03-16T21:29:26:   code: 'ENOENT',
2025-03-16T21:29:26:   syscall: 'open',
2025-03-16T21:29:26:   path: '/Volumes/mycode/mysoft_2026/myERP2025-master/myReact_ERP_v6.3.2/.next/BUILD_ID'
2025-03-16T21:29:26: }
2025-03-16T21:29:27: 
2025-03-16T21:29:27: > FHERP@10.1.0-FHERPstart
2025-03-16T21:29:27: > next start
2025-03-16T21:29:27: 
2025-03-16T21:29:28: [Error: ENOENT: no such file or directory, open '/Volumes/mycode/mysoft_2026/myERP2025-master/myReact_ERP_v6.3.2/.next/BUILD_ID'] {
2025-03-16T21:29:28:   errno: -2,
2025-03-16T21:29:28:   code: 'ENOENT',
2025-03-16T21:29:28:   syscall: 'open',
2025-03-16T21:29:28:   path: '/Volumes/mycode/mysoft_2026/myERP2025-master/myReact_ERP_v6.3.2/.next/BUILD_ID'
2025-03-16T21:29:28: }
2025-03-16T21:29:29: 
2025-03-16T21:29:29: > FHERP@10.1.0-FHERPstart
2025-03-16T21:29:29: > next start
2025-03-16T21:29:29: 
2025-03-16T21:29:30: [Error: ENOENT: no such file or directory, open '/Volumes/mycode/mysoft_2026/myERP2025-master/myReact_ERP_v6.3.2/.next/BUILD_ID'] {
2025-03-16T21:29:30:   errno: -2,
2025-03-16T21:29:30:   code: 'ENOENT',
2025-03-16T21:29:30:   syscall: 'open',
2025-03-16T21:29:30:   path: '/Volumes/mycode/mysoft_2026/myERP2025-master/myReact_ERP_v6.3.2/.next/BUILD_ID'
2025-03-16T21:29:30: }
2025-03-16T21:29:30: 
2025-03-16T21:29:30: > FHERP@10.1.0-FHERPstart
2025-03-16T21:29:30: > next start
2025-03-16T21:29:30: 
2025-03-16T21:29:31: [Error: ENOENT: no such file or directory, open '/Volumes/mycode/mysoft_2026/myERP2025-master/myReact_ERP_v6.3.2/.next/BUILD_ID'] {
2025-03-16T21:29:31:   errno: -2,
2025-03-16T21:29:31:   code: 'ENOENT',
2025-03-16T21:29:31:   syscall: 'open',
2025-03-16T21:29:31:   path: '/Volumes/mycode/mysoft_2026/myERP2025-master/myReact_ERP_v6.3.2/.next/BUILD_ID'
2025-03-16T21:29:31: }
2025-03-16T21:29:33: 
2025-03-16T21:29:33: > FHERP@10.1.0-FHERPstart
2025-03-16T21:29:33: > next start
2025-03-16T21:29:33: 
2025-03-16T21:29:34: [Error: ENOENT: no such file or directory, open '/Volumes/mycode/mysoft_2026/myERP2025-master/myReact_ERP_v6.3.2/.next/BUILD_ID'] {
2025-03-16T21:29:34:   errno: -2,
2025-03-16T21:29:34:   code: 'ENOENT',
2025-03-16T21:29:34:   syscall: 'open',
2025-03-16T21:29:34:   path: '/Volumes/mycode/mysoft_2026/myERP2025-master/myReact_ERP_v6.3.2/.next/BUILD_ID'
2025-03-16T21:29:34: }
2025-03-16T21:29:34: 
2025-03-16T21:29:34: > FHERP@10.1.0-FHERPstart
2025-03-16T21:29:34: > next start
2025-03-16T21:29:34: 
2025-03-16T21:29:35: [Error: ENOENT: no such file or directory, open '/Volumes/mycode/mysoft_2026/myERP2025-master/myReact_ERP_v6.3.2/.next/BUILD_ID'] {
2025-03-16T21:29:35:   errno: -2,
2025-03-16T21:29:35:   code: 'ENOENT',
2025-03-16T21:29:35:   syscall: 'open',
2025-03-16T21:29:35:   path: '/Volumes/mycode/mysoft_2026/myERP2025-master/myReact_ERP_v6.3.2/.next/BUILD_ID'
2025-03-16T21:29:35: }
2025-03-16T21:29:36: 
2025-03-16T21:29:36: > FHERP@10.1.0-FHERPstart
2025-03-16T21:29:36: > next start
2025-03-16T21:29:36: 
2025-03-16T21:29:37: [Error: ENOENT: no such file or directory, open '/Volumes/mycode/mysoft_2026/myERP2025-master/myReact_ERP_v6.3.2/.next/BUILD_ID'] {
2025-03-16T21:29:37:   errno: -2,
2025-03-16T21:29:37:   code: 'ENOENT',
2025-03-16T21:29:37:   syscall: 'open',
2025-03-16T21:29:37:   path: '/Volumes/mycode/mysoft_2026/myERP2025-master/myReact_ERP_v6.3.2/.next/BUILD_ID'
2025-03-16T21:29:37: }
2025-03-16T21:29:38: 
2025-03-16T21:29:38: > FHERP@10.1.0-FHERPstart
2025-03-16T21:29:38: > next start
2025-03-16T21:29:38: 
2025-03-16T21:29:38: [Error: ENOENT: no such file or directory, open '/Volumes/mycode/mysoft_2026/myERP2025-master/myReact_ERP_v6.3.2/.next/BUILD_ID'] {
2025-03-16T21:29:38:   errno: -2,
2025-03-16T21:29:38:   code: 'ENOENT',
2025-03-16T21:29:38:   syscall: 'open',
2025-03-16T21:29:38:   path: '/Volumes/mycode/mysoft_2026/myERP2025-master/myReact_ERP_v6.3.2/.next/BUILD_ID'
2025-03-16T21:29:38: }
2025-03-16T21:29:40: 
2025-03-16T21:29:40: > FHERP@10.1.0-FHERPstart
2025-03-16T21:29:40: > next start
2025-03-16T21:29:40: 
2025-03-16T21:29:41: [Error: ENOENT: no such file or directory, open '/Volumes/mycode/mysoft_2026/myERP2025-master/myReact_ERP_v6.3.2/.next/BUILD_ID'] {
2025-03-16T21:29:41:   errno: -2,
2025-03-16T21:29:41:   code: 'ENOENT',
2025-03-16T21:29:41:   syscall: 'open',
2025-03-16T21:29:41:   path: '/Volumes/mycode/mysoft_2026/myERP2025-master/myReact_ERP_v6.3.2/.next/BUILD_ID'
2025-03-16T21:29:41: }
2025-03-16T21:29:42: 
2025-03-16T21:29:42: > FHERP@10.1.0-FHERPstart
2025-03-16T21:29:42: > next start
2025-03-16T21:29:42: 
2025-03-16T21:29:43: [Error: ENOENT: no such file or directory, open '/Volumes/mycode/mysoft_2026/myERP2025-master/myReact_ERP_v6.3.2/.next/BUILD_ID'] {
2025-03-16T21:29:43:   errno: -2,
2025-03-16T21:29:43:   code: 'ENOENT',
2025-03-16T21:29:43:   syscall: 'open',
2025-03-16T21:29:43:   path: '/Volumes/mycode/mysoft_2026/myERP2025-master/myReact_ERP_v6.3.2/.next/BUILD_ID'
2025-03-16T21:29:43: }
2025-03-16T21:29:44: 
2025-03-16T21:29:44: > FHERP@10.1.0-FHERPstart
2025-03-16T21:29:44: > next start
2025-03-16T21:29:44: 
2025-03-16T21:29:44: [Error: ENOENT: no such file or directory, open '/Volumes/mycode/mysoft_2026/myERP2025-master/myReact_ERP_v6.3.2/.next/BUILD_ID'] {
2025-03-16T21:29:44:   errno: -2,
2025-03-16T21:29:44:   code: 'ENOENT',
2025-03-16T21:29:44:   syscall: 'open',
2025-03-16T21:29:44:   path: '/Volumes/mycode/mysoft_2026/myERP2025-master/myReact_ERP_v6.3.2/.next/BUILD_ID'
2025-03-16T21:29:44: }
2025-03-16T21:29:45: 
2025-03-16T21:29:45: > FHERP@10.1.0-FHERPstart
2025-03-16T21:29:45: > next start
2025-03-16T21:29:45: 
2025-03-16T21:29:46: [Error: ENOENT: no such file or directory, open '/Volumes/mycode/mysoft_2026/myERP2025-master/myReact_ERP_v6.3.2/.next/BUILD_ID'] {
2025-03-16T21:29:46:   errno: -2,
2025-03-16T21:29:46:   code: 'ENOENT',
2025-03-16T21:29:46:   syscall: 'open',
2025-03-16T21:29:46:   path: '/Volumes/mycode/mysoft_2026/myERP2025-master/myReact_ERP_v6.3.2/.next/BUILD_ID'
2025-03-16T21:29:46: }
2025-03-16T21:29:47: 
2025-03-16T21:29:47: > FHERP@10.1.0-FHERPstart
2025-03-16T21:29:47: > next start
2025-03-16T21:29:47: 
2025-03-16T21:29:47: [Error: ENOENT: no such file or directory, open '/Volumes/mycode/mysoft_2026/myERP2025-master/myReact_ERP_v6.3.2/.next/BUILD_ID'] {
2025-03-16T21:29:47:   errno: -2,
2025-03-16T21:29:47:   code: 'ENOENT',
2025-03-16T21:29:47:   syscall: 'open',
2025-03-16T21:29:47:   path: '/Volumes/mycode/mysoft_2026/myERP2025-master/myReact_ERP_v6.3.2/.next/BUILD_ID'
2025-03-16T21:29:47: }
2025-03-16T21:29:48: 
2025-03-16T21:29:48: > FHERP@10.1.0-FHERPstart
2025-03-16T21:29:48: > next start
2025-03-16T21:29:48: 
2025-03-16T21:29:49: [Error: ENOENT: no such file or directory, open '/Volumes/mycode/mysoft_2026/myERP2025-master/myReact_ERP_v6.3.2/.next/BUILD_ID'] {
2025-03-16T21:29:49:   errno: -2,
2025-03-16T21:29:49:   code: 'ENOENT',
2025-03-16T21:29:49:   syscall: 'open',
2025-03-16T21:29:49:   path: '/Volumes/mycode/mysoft_2026/myERP2025-master/myReact_ERP_v6.3.2/.next/BUILD_ID'
2025-03-16T21:29:49: }
2025-03-16T21:29:50: 
2025-03-16T21:29:50: > FHERP@10.1.0-FHERPstart
2025-03-16T21:29:50: > next start
2025-03-16T21:29:50: 
2025-03-16T21:29:50: [Error: ENOENT: no such file or directory, open '/Volumes/mycode/mysoft_2026/myERP2025-master/myReact_ERP_v6.3.2/.next/BUILD_ID'] {
2025-03-16T21:29:50:   errno: -2,
2025-03-16T21:29:50:   code: 'ENOENT',
2025-03-16T21:29:50:   syscall: 'open',
2025-03-16T21:29:50:   path: '/Volumes/mycode/mysoft_2026/myERP2025-master/myReact_ERP_v6.3.2/.next/BUILD_ID'
2025-03-16T21:29:50: }
2025-03-16T21:29:51: 
2025-03-16T21:29:51: > FHERP@10.1.0-FHERPstart
2025-03-16T21:29:51: > next start
2025-03-16T21:29:51: 
2025-03-16T21:29:52: [Error: ENOENT: no such file or directory, open '/Volumes/mycode/mysoft_2026/myERP2025-master/myReact_ERP_v6.3.2/.next/BUILD_ID'] {
2025-03-16T21:29:52:   errno: -2,
2025-03-16T21:29:52:   code: 'ENOENT',
2025-03-16T21:29:52:   syscall: 'open',
2025-03-16T21:29:52:   path: '/Volumes/mycode/mysoft_2026/myERP2025-master/myReact_ERP_v6.3.2/.next/BUILD_ID'
2025-03-16T21:29:52: }
2025-03-16T21:29:53: 
2025-03-16T21:29:53: > FHERP@10.1.0-FHERPstart
2025-03-16T21:29:53: > next start
2025-03-16T21:29:53: 
2025-03-16T21:29:53: [Error: ENOENT: no such file or directory, open '/Volumes/mycode/mysoft_2026/myERP2025-master/myReact_ERP_v6.3.2/.next/BUILD_ID'] {
2025-03-16T21:29:53:   errno: -2,
2025-03-16T21:29:53:   code: 'ENOENT',
2025-03-16T21:29:53:   syscall: 'open',
2025-03-16T21:29:53:   path: '/Volumes/mycode/mysoft_2026/myERP2025-master/myReact_ERP_v6.3.2/.next/BUILD_ID'
2025-03-16T21:29:53: }
2025-03-16T21:29:54: 
2025-03-16T21:29:54: > FHERP@10.1.0-FHERPstart
2025-03-16T21:29:54: > next start
2025-03-16T21:29:54: 
2025-03-16T21:29:55: [Error: ENOENT: no such file or directory, open '/Volumes/mycode/mysoft_2026/myERP2025-master/myReact_ERP_v6.3.2/.next/BUILD_ID'] {
2025-03-16T21:29:55:   errno: -2,
2025-03-16T21:29:55:   code: 'ENOENT',
2025-03-16T21:29:55:   syscall: 'open',
2025-03-16T21:29:55:   path: '/Volumes/mycode/mysoft_2026/myERP2025-master/myReact_ERP_v6.3.2/.next/BUILD_ID'
2025-03-16T21:29:55: }
2025-03-16T21:29:55: 
2025-03-16T21:29:55: > FHERP@10.1.0-FHERPstart
2025-03-16T21:29:55: > next start
2025-03-16T21:29:55: 
2025-03-16T21:29:56: [Error: ENOENT: no such file or directory, open '/Volumes/mycode/mysoft_2026/myERP2025-master/myReact_ERP_v6.3.2/.next/BUILD_ID'] {
2025-03-16T21:29:56:   errno: -2,
2025-03-16T21:29:56:   code: 'ENOENT',
2025-03-16T21:29:56:   syscall: 'open',
2025-03-16T21:29:56:   path: '/Volumes/mycode/mysoft_2026/myERP2025-master/myReact_ERP_v6.3.2/.next/BUILD_ID'
2025-03-16T21:29:56: }
2025-03-16T21:29:57: 
2025-03-16T21:29:57: > FHERP@10.1.0-FHERPstart
2025-03-16T21:29:57: > next start
2025-03-16T21:29:57: 
2025-03-16T21:29:58: [Error: ENOENT: no such file or directory, open '/Volumes/mycode/mysoft_2026/myERP2025-master/myReact_ERP_v6.3.2/.next/BUILD_ID'] {
2025-03-16T21:29:58:   errno: -2,
2025-03-16T21:29:58:   code: 'ENOENT',
2025-03-16T21:29:58:   syscall: 'open',
2025-03-16T21:29:58:   path: '/Volumes/mycode/mysoft_2026/myERP2025-master/myReact_ERP_v6.3.2/.next/BUILD_ID'
2025-03-16T21:29:58: }
2025-03-16T21:29:59: 
2025-03-16T21:29:59: > FHERP@10.1.0-FHERPstart
2025-03-16T21:29:59: > next start
2025-03-16T21:29:59: 
2025-03-16T21:30:00: [Error: ENOENT: no such file or directory, open '/Volumes/mycode/mysoft_2026/myERP2025-master/myReact_ERP_v6.3.2/.next/BUILD_ID'] {
2025-03-16T21:30:00:   errno: -2,
2025-03-16T21:30:00:   code: 'ENOENT',
2025-03-16T21:30:00:   syscall: 'open',
2025-03-16T21:30:00:   path: '/Volumes/mycode/mysoft_2026/myERP2025-master/myReact_ERP_v6.3.2/.next/BUILD_ID'
2025-03-16T21:30:00: }
2025-03-16T21:30:01: 
2025-03-16T21:30:01: > FHERP@10.1.0-FHERPstart
2025-03-16T21:30:01: > next start
2025-03-16T21:30:01: 
2025-03-16T21:30:02: [Error: ENOENT: no such file or directory, open '/Volumes/mycode/mysoft_2026/myERP2025-master/myReact_ERP_v6.3.2/.next/BUILD_ID'] {
2025-03-16T21:30:02:   errno: -2,
2025-03-16T21:30:02:   code: 'ENOENT',
2025-03-16T21:30:02:   syscall: 'open',
2025-03-16T21:30:02:   path: '/Volumes/mycode/mysoft_2026/myERP2025-master/myReact_ERP_v6.3.2/.next/BUILD_ID'
2025-03-16T21:30:02: }
2025-03-16T21:30:03: 
2025-03-16T21:30:03: > FHERP@10.1.0-FHERPstart
2025-03-16T21:30:03: > next start
2025-03-16T21:30:03: 
2025-03-16T21:30:04: [Error: ENOENT: no such file or directory, open '/Volumes/mycode/mysoft_2026/myERP2025-master/myReact_ERP_v6.3.2/.next/BUILD_ID'] {
2025-03-16T21:30:04:   errno: -2,
2025-03-16T21:30:04:   code: 'ENOENT',
2025-03-16T21:30:04:   syscall: 'open',
2025-03-16T21:30:04:   path: '/Volumes/mycode/mysoft_2026/myERP2025-master/myReact_ERP_v6.3.2/.next/BUILD_ID'
2025-03-16T21:30:04: }
2025-03-16T21:30:05: 
2025-03-16T21:30:05: > FHERP@10.1.0-FHERPstart
2025-03-16T21:30:05: > next start
2025-03-16T21:30:05: 
2025-03-16T21:30:05: [Error: ENOENT: no such file or directory, open '/Volumes/mycode/mysoft_2026/myERP2025-master/myReact_ERP_v6.3.2/.next/BUILD_ID'] {
2025-03-16T21:30:05:   errno: -2,
2025-03-16T21:30:05:   code: 'ENOENT',
2025-03-16T21:30:05:   syscall: 'open',
2025-03-16T21:30:05:   path: '/Volumes/mycode/mysoft_2026/myERP2025-master/myReact_ERP_v6.3.2/.next/BUILD_ID'
2025-03-16T21:30:05: }
2025-03-16T21:30:06: 
2025-03-16T21:30:06: > FHERP@10.1.0-FHERPstart
2025-03-16T21:30:06: > next start
2025-03-16T21:30:06: 
2025-03-16T21:30:07: [Error: ENOENT: no such file or directory, open '/Volumes/mycode/mysoft_2026/myERP2025-master/myReact_ERP_v6.3.2/.next/BUILD_ID'] {
2025-03-16T21:30:07:   errno: -2,
2025-03-16T21:30:07:   code: 'ENOENT',
2025-03-16T21:30:07:   syscall: 'open',
2025-03-16T21:30:07:   path: '/Volumes/mycode/mysoft_2026/myERP2025-master/myReact_ERP_v6.3.2/.next/BUILD_ID'
2025-03-16T21:30:07: }
2025-03-16T21:30:08: 
2025-03-16T21:30:08: > FHERP@10.1.0-FHERPstart
2025-03-16T21:30:08: > next start
2025-03-16T21:30:08: 
2025-03-16T21:30:08: [Error: ENOENT: no such file or directory, open '/Volumes/mycode/mysoft_2026/myERP2025-master/myReact_ERP_v6.3.2/.next/BUILD_ID'] {
2025-03-16T21:30:08:   errno: -2,
2025-03-16T21:30:08:   code: 'ENOENT',
2025-03-16T21:30:08:   syscall: 'open',
2025-03-16T21:30:08:   path: '/Volumes/mycode/mysoft_2026/myERP2025-master/myReact_ERP_v6.3.2/.next/BUILD_ID'
2025-03-16T21:30:08: }
2025-03-16T21:30:09: 
2025-03-16T21:30:09: > FHERP@10.1.0-FHERPstart
2025-03-16T21:30:09: > next start
2025-03-16T21:30:09: 
2025-03-16T21:30:10: [Error: ENOENT: no such file or directory, open '/Volumes/mycode/mysoft_2026/myERP2025-master/myReact_ERP_v6.3.2/.next/BUILD_ID'] {
2025-03-16T21:30:10:   errno: -2,
2025-03-16T21:30:10:   code: 'ENOENT',
2025-03-16T21:30:10:   syscall: 'open',
2025-03-16T21:30:10:   path: '/Volumes/mycode/mysoft_2026/myERP2025-master/myReact_ERP_v6.3.2/.next/BUILD_ID'
2025-03-16T21:30:10: }
2025-03-16T21:30:11: 
2025-03-16T21:30:11: > FHERP@10.1.0-FHERPstart
2025-03-16T21:30:11: > next start
2025-03-16T21:30:11: 
2025-03-16T21:30:12: [Error: ENOENT: no such file or directory, open '/Volumes/mycode/mysoft_2026/myERP2025-master/myReact_ERP_v6.3.2/.next/BUILD_ID'] {
2025-03-16T21:30:12:   errno: -2,
2025-03-16T21:30:12:   code: 'ENOENT',
2025-03-16T21:30:12:   syscall: 'open',
2025-03-16T21:30:12:   path: '/Volumes/mycode/mysoft_2026/myERP2025-master/myReact_ERP_v6.3.2/.next/BUILD_ID'
2025-03-16T21:30:12: }
2025-03-16T21:30:13: 
2025-03-16T21:30:13: > FHERP@10.1.0-FHERPstart
2025-03-16T21:30:13: > next start
2025-03-16T21:30:13: 
2025-03-16T21:30:14: [Error: ENOENT: no such file or directory, open '/Volumes/mycode/mysoft_2026/myERP2025-master/myReact_ERP_v6.3.2/.next/BUILD_ID'] {
2025-03-16T21:30:14:   errno: -2,
2025-03-16T21:30:14:   code: 'ENOENT',
2025-03-16T21:30:14:   syscall: 'open',
2025-03-16T21:30:14:   path: '/Volumes/mycode/mysoft_2026/myERP2025-master/myReact_ERP_v6.3.2/.next/BUILD_ID'
2025-03-16T21:30:14: }
2025-03-16T21:30:16: 
2025-03-16T21:30:16: > FHERP@10.1.0-FHERPstart
2025-03-16T21:30:16: > next start
2025-03-16T21:30:16: 
2025-03-16T21:30:17: [Error: ENOENT: no such file or directory, open '/Volumes/mycode/mysoft_2026/myERP2025-master/myReact_ERP_v6.3.2/.next/BUILD_ID'] {
2025-03-16T21:30:17:   errno: -2,
2025-03-16T21:30:17:   code: 'ENOENT',
2025-03-16T21:30:17:   syscall: 'open',
2025-03-16T21:30:17:   path: '/Volumes/mycode/mysoft_2026/myERP2025-master/myReact_ERP_v6.3.2/.next/BUILD_ID'
2025-03-16T21:30:17: }
2025-03-16T21:30:18: 
2025-03-16T21:30:18: > FHERP@10.1.0-FHERPstart
2025-03-16T21:30:18: > next start
2025-03-16T21:30:18: 
2025-03-16T21:30:19: [Error: ENOENT: no such file or directory, open '/Volumes/mycode/mysoft_2026/myERP2025-master/myReact_ERP_v6.3.2/.next/BUILD_ID'] {
2025-03-16T21:30:19:   errno: -2,
2025-03-16T21:30:19:   code: 'ENOENT',
2025-03-16T21:30:19:   syscall: 'open',
2025-03-16T21:30:19:   path: '/Volumes/mycode/mysoft_2026/myERP2025-master/myReact_ERP_v6.3.2/.next/BUILD_ID'
2025-03-16T21:30:19: }
2025-03-16T21:30:21: 
2025-03-16T21:30:21: > FHERP@10.1.0-FHERPstart
2025-03-16T21:30:21: > next start
2025-03-16T21:30:21: 
2025-03-16T21:30:22: [Error: ENOENT: no such file or directory, open '/Volumes/mycode/mysoft_2026/myERP2025-master/myReact_ERP_v6.3.2/.next/BUILD_ID'] {
2025-03-16T21:30:22:   errno: -2,
2025-03-16T21:30:22:   code: 'ENOENT',
2025-03-16T21:30:22:   syscall: 'open',
2025-03-16T21:30:22:   path: '/Volumes/mycode/mysoft_2026/myERP2025-master/myReact_ERP_v6.3.2/.next/BUILD_ID'
2025-03-16T21:30:22: }
2025-03-16T21:30:23: 
2025-03-16T21:30:23: > FHERP@10.1.0-FHERPstart
2025-03-16T21:30:23: > next start
2025-03-16T21:30:23: 
2025-03-16T21:30:24: [Error: ENOENT: no such file or directory, open '/Volumes/mycode/mysoft_2026/myERP2025-master/myReact_ERP_v6.3.2/.next/BUILD_ID'] {
2025-03-16T21:30:24:   errno: -2,
2025-03-16T21:30:24:   code: 'ENOENT',
2025-03-16T21:30:24:   syscall: 'open',
2025-03-16T21:30:24:   path: '/Volumes/mycode/mysoft_2026/myERP2025-master/myReact_ERP_v6.3.2/.next/BUILD_ID'
2025-03-16T21:30:24: }
2025-03-16T21:30:26: 
2025-03-16T21:30:26: > FHERP@10.1.0-FHERPstart
2025-03-16T21:30:26: > next start
2025-03-16T21:30:26: 
2025-03-16T21:30:27: [Error: ENOENT: no such file or directory, open '/Volumes/mycode/mysoft_2026/myERP2025-master/myReact_ERP_v6.3.2/.next/BUILD_ID'] {
2025-03-16T21:30:27:   errno: -2,
2025-03-16T21:30:27:   code: 'ENOENT',
2025-03-16T21:30:27:   syscall: 'open',
2025-03-16T21:30:27:   path: '/Volumes/mycode/mysoft_2026/myERP2025-master/myReact_ERP_v6.3.2/.next/BUILD_ID'
2025-03-16T21:30:27: }
2025-03-16T21:30:28: 
2025-03-16T21:30:28: > FHERP@10.1.0-FHERPstart
2025-03-16T21:30:28: > next start
2025-03-16T21:30:28: 
2025-03-16T21:30:29: [Error: ENOENT: no such file or directory, open '/Volumes/mycode/mysoft_2026/myERP2025-master/myReact_ERP_v6.3.2/.next/BUILD_ID'] {
2025-03-16T21:30:29:   errno: -2,
2025-03-16T21:30:29:   code: 'ENOENT',
2025-03-16T21:30:29:   syscall: 'open',
2025-03-16T21:30:29:   path: '/Volumes/mycode/mysoft_2026/myERP2025-master/myReact_ERP_v6.3.2/.next/BUILD_ID'
2025-03-16T21:30:29: }
2025-03-16T21:30:31: 
2025-03-16T21:30:31: > FHERP@10.1.0-FHERPstart
2025-03-16T21:30:31: > next start
2025-03-16T21:30:31: 
2025-03-16T21:30:32: [Error: ENOENT: no such file or directory, open '/Volumes/mycode/mysoft_2026/myERP2025-master/myReact_ERP_v6.3.2/.next/BUILD_ID'] {
2025-03-16T21:30:32:   errno: -2,
2025-03-16T21:30:32:   code: 'ENOENT',
2025-03-16T21:30:32:   syscall: 'open',
2025-03-16T21:30:32:   path: '/Volumes/mycode/mysoft_2026/myERP2025-master/myReact_ERP_v6.3.2/.next/BUILD_ID'
2025-03-16T21:30:32: }
2025-03-16T21:30:33: 
2025-03-16T21:30:33: > FHERP@10.1.0-FHERPstart
2025-03-16T21:30:33: > next start
2025-03-16T21:30:33: 
2025-03-16T21:30:34: [Error: ENOENT: no such file or directory, open '/Volumes/mycode/mysoft_2026/myERP2025-master/myReact_ERP_v6.3.2/.next/BUILD_ID'] {
2025-03-16T21:30:34:   errno: -2,
2025-03-16T21:30:34:   code: 'ENOENT',
2025-03-16T21:30:34:   syscall: 'open',
2025-03-16T21:30:34:   path: '/Volumes/mycode/mysoft_2026/myERP2025-master/myReact_ERP_v6.3.2/.next/BUILD_ID'
2025-03-16T21:30:34: }
2025-03-16T21:30:35: 
2025-03-16T21:30:35: > FHERP@10.1.0-FHERPstart
2025-03-16T21:30:35: > next start
2025-03-16T21:30:35: 
2025-03-16T21:30:36: [Error: ENOENT: no such file or directory, open '/Volumes/mycode/mysoft_2026/myERP2025-master/myReact_ERP_v6.3.2/.next/BUILD_ID'] {
2025-03-16T21:30:36:   errno: -2,
2025-03-16T21:30:36:   code: 'ENOENT',
2025-03-16T21:30:36:   syscall: 'open',
2025-03-16T21:30:36:   path: '/Volumes/mycode/mysoft_2026/myERP2025-master/myReact_ERP_v6.3.2/.next/BUILD_ID'
2025-03-16T21:30:36: }
2025-03-16T21:30:37: 
2025-03-16T21:30:37: > FHERP@10.1.0-FHERPstart
2025-03-16T21:30:37: > next start
2025-03-16T21:30:37: 
2025-03-16T21:30:38: [Error: ENOENT: no such file or directory, open '/Volumes/mycode/mysoft_2026/myERP2025-master/myReact_ERP_v6.3.2/.next/BUILD_ID'] {
2025-03-16T21:30:38:   errno: -2,
2025-03-16T21:30:38:   code: 'ENOENT',
2025-03-16T21:30:38:   syscall: 'open',
2025-03-16T21:30:38:   path: '/Volumes/mycode/mysoft_2026/myERP2025-master/myReact_ERP_v6.3.2/.next/BUILD_ID'
2025-03-16T21:30:38: }
2025-03-16T21:30:39: 
2025-03-16T21:30:39: > FHERP@10.1.0-FHERPstart
2025-03-16T21:30:39: > next start
2025-03-16T21:30:39: 
2025-03-16T21:30:40: [Error: ENOENT: no such file or directory, open '/Volumes/mycode/mysoft_2026/myERP2025-master/myReact_ERP_v6.3.2/.next/BUILD_ID'] {
2025-03-16T21:30:40:   errno: -2,
2025-03-16T21:30:40:   code: 'ENOENT',
2025-03-16T21:30:40:   syscall: 'open',
2025-03-16T21:30:40:   path: '/Volumes/mycode/mysoft_2026/myERP2025-master/myReact_ERP_v6.3.2/.next/BUILD_ID'
2025-03-16T21:30:40: }
2025-03-16T21:30:41: 
2025-03-16T21:30:41: > FHERP@10.1.0-FHERPstart
2025-03-16T21:30:41: > next start
2025-03-16T21:30:41: 
2025-03-16T21:30:42: [Error: ENOENT: no such file or directory, open '/Volumes/mycode/mysoft_2026/myERP2025-master/myReact_ERP_v6.3.2/.next/BUILD_ID'] {
2025-03-16T21:30:42:   errno: -2,
2025-03-16T21:30:42:   code: 'ENOENT',
2025-03-16T21:30:42:   syscall: 'open',
2025-03-16T21:30:42:   path: '/Volumes/mycode/mysoft_2026/myERP2025-master/myReact_ERP_v6.3.2/.next/BUILD_ID'
2025-03-16T21:30:42: }
2025-03-16T21:30:43: 
2025-03-16T21:30:43: > FHERP@10.1.0-FHERPstart
2025-03-16T21:30:43: > next start
2025-03-16T21:30:43: 
2025-03-16T21:30:43: [Error: ENOENT: no such file or directory, open '/Volumes/mycode/mysoft_2026/myERP2025-master/myReact_ERP_v6.3.2/.next/BUILD_ID'] {
2025-03-16T21:30:43:   errno: -2,
2025-03-16T21:30:43:   code: 'ENOENT',
2025-03-16T21:30:43:   syscall: 'open',
2025-03-16T21:30:43:   path: '/Volumes/mycode/mysoft_2026/myERP2025-master/myReact_ERP_v6.3.2/.next/BUILD_ID'
2025-03-16T21:30:43: }
2025-03-16T21:30:44: 
2025-03-16T21:30:44: > FHERP@10.1.0-FHERPstart
2025-03-16T21:30:44: > next start
2025-03-16T21:30:44: 
2025-03-16T21:30:45: [Error: ENOENT: no such file or directory, open '/Volumes/mycode/mysoft_2026/myERP2025-master/myReact_ERP_v6.3.2/.next/BUILD_ID'] {
2025-03-16T21:30:45:   errno: -2,
2025-03-16T21:30:45:   code: 'ENOENT',
2025-03-16T21:30:45:   syscall: 'open',
2025-03-16T21:30:45:   path: '/Volumes/mycode/mysoft_2026/myERP2025-master/myReact_ERP_v6.3.2/.next/BUILD_ID'
2025-03-16T21:30:45: }
2025-03-16T21:30:46: 
2025-03-16T21:30:46: > FHERP@10.1.0-FHERPstart
2025-03-16T21:30:46: > next start
2025-03-16T21:30:46: 
2025-03-16T21:30:47: [Error: ENOENT: no such file or directory, open '/Volumes/mycode/mysoft_2026/myERP2025-master/myReact_ERP_v6.3.2/.next/BUILD_ID'] {
2025-03-16T21:30:47:   errno: -2,
2025-03-16T21:30:47:   code: 'ENOENT',
2025-03-16T21:30:47:   syscall: 'open',
2025-03-16T21:30:47:   path: '/Volumes/mycode/mysoft_2026/myERP2025-master/myReact_ERP_v6.3.2/.next/BUILD_ID'
2025-03-16T21:30:47: }
2025-03-16T21:30:48: 
2025-03-16T21:30:48: > FHERP@10.1.0-FHERPstart
2025-03-16T21:30:48: > next start
2025-03-16T21:30:48: 
2025-03-16T21:30:49: [Error: ENOENT: no such file or directory, open '/Volumes/mycode/mysoft_2026/myERP2025-master/myReact_ERP_v6.3.2/.next/BUILD_ID'] {
2025-03-16T21:30:49:   errno: -2,
2025-03-16T21:30:49:   code: 'ENOENT',
2025-03-16T21:30:49:   syscall: 'open',
2025-03-16T21:30:49:   path: '/Volumes/mycode/mysoft_2026/myERP2025-master/myReact_ERP_v6.3.2/.next/BUILD_ID'
2025-03-16T21:30:49: }
2025-03-16T21:30:50: 
2025-03-16T21:30:50: > FHERP@10.1.0-FHERPstart
2025-03-16T21:30:50: > next start
2025-03-16T21:30:50: 
2025-03-16T21:30:51: [Error: ENOENT: no such file or directory, open '/Volumes/mycode/mysoft_2026/myERP2025-master/myReact_ERP_v6.3.2/.next/BUILD_ID'] {
2025-03-16T21:30:51:   errno: -2,
2025-03-16T21:30:51:   code: 'ENOENT',
2025-03-16T21:30:51:   syscall: 'open',
2025-03-16T21:30:51:   path: '/Volumes/mycode/mysoft_2026/myERP2025-master/myReact_ERP_v6.3.2/.next/BUILD_ID'
2025-03-16T21:30:51: }
2025-03-16T21:30:52: 
2025-03-16T21:30:52: > FHERP@10.1.0-FHERPstart
2025-03-16T21:30:52: > next start
2025-03-16T21:30:52: 
2025-03-16T21:30:53: [Error: ENOENT: no such file or directory, open '/Volumes/mycode/mysoft_2026/myERP2025-master/myReact_ERP_v6.3.2/.next/BUILD_ID'] {
2025-03-16T21:30:53:   errno: -2,
2025-03-16T21:30:53:   code: 'ENOENT',
2025-03-16T21:30:53:   syscall: 'open',
2025-03-16T21:30:53:   path: '/Volumes/mycode/mysoft_2026/myERP2025-master/myReact_ERP_v6.3.2/.next/BUILD_ID'
2025-03-16T21:30:53: }
2025-03-16T21:30:54: 
2025-03-16T21:30:54: > FHERP@10.1.0-FHERPstart
2025-03-16T21:30:54: > next start
2025-03-16T21:30:54: 
2025-03-16T21:30:54: [Error: ENOENT: no such file or directory, open '/Volumes/mycode/mysoft_2026/myERP2025-master/myReact_ERP_v6.3.2/.next/BUILD_ID'] {
2025-03-16T21:30:54:   errno: -2,
2025-03-16T21:30:54:   code: 'ENOENT',
2025-03-16T21:30:54:   syscall: 'open',
2025-03-16T21:30:54:   path: '/Volumes/mycode/mysoft_2026/myERP2025-master/myReact_ERP_v6.3.2/.next/BUILD_ID'
2025-03-16T21:30:54: }
2025-03-16T21:30:55: 
2025-03-16T21:30:55: > FHERP@10.1.0-FHERPstart
2025-03-16T21:30:55: > next start
2025-03-16T21:30:55: 
2025-03-16T21:30:56: [Error: ENOENT: no such file or directory, open '/Volumes/mycode/mysoft_2026/myERP2025-master/myReact_ERP_v6.3.2/.next/BUILD_ID'] {
2025-03-16T21:30:56:   errno: -2,
2025-03-16T21:30:56:   code: 'ENOENT',
2025-03-16T21:30:56:   syscall: 'open',
2025-03-16T21:30:56:   path: '/Volumes/mycode/mysoft_2026/myERP2025-master/myReact_ERP_v6.3.2/.next/BUILD_ID'
2025-03-16T21:30:56: }
2025-03-16T21:30:57: 
2025-03-16T21:30:57: > FHERP@10.1.0-FHERPstart
2025-03-16T21:30:57: > next start
2025-03-16T21:30:57: 
2025-03-16T21:30:58: [Error: ENOENT: no such file or directory, open '/Volumes/mycode/mysoft_2026/myERP2025-master/myReact_ERP_v6.3.2/.next/BUILD_ID'] {
2025-03-16T21:30:58:   errno: -2,
2025-03-16T21:30:58:   code: 'ENOENT',
2025-03-16T21:30:58:   syscall: 'open',
2025-03-16T21:30:58:   path: '/Volumes/mycode/mysoft_2026/myERP2025-master/myReact_ERP_v6.3.2/.next/BUILD_ID'
2025-03-16T21:30:58: }
2025-03-16T21:30:59: 
2025-03-16T21:30:59: > FHERP@10.1.0-FHERPstart
2025-03-16T21:30:59: > next start
2025-03-16T21:30:59: 
2025-03-16T21:31:00: [Error: ENOENT: no such file or directory, open '/Volumes/mycode/mysoft_2026/myERP2025-master/myReact_ERP_v6.3.2/.next/BUILD_ID'] {
2025-03-16T21:31:00:   errno: -2,
2025-03-16T21:31:00:   code: 'ENOENT',
2025-03-16T21:31:00:   syscall: 'open',
2025-03-16T21:31:00:   path: '/Volumes/mycode/mysoft_2026/myERP2025-master/myReact_ERP_v6.3.2/.next/BUILD_ID'
2025-03-16T21:31:00: }
2025-03-16T21:31:01: 
2025-03-16T21:31:01: > FHERP@10.1.0-FHERPstart
2025-03-16T21:31:01: > next start
2025-03-16T21:31:01: 
2025-03-16T21:31:02: [Error: ENOENT: no such file or directory, open '/Volumes/mycode/mysoft_2026/myERP2025-master/myReact_ERP_v6.3.2/.next/BUILD_ID'] {
2025-03-16T21:31:02:   errno: -2,
2025-03-16T21:31:02:   code: 'ENOENT',
2025-03-16T21:31:02:   syscall: 'open',
2025-03-16T21:31:02:   path: '/Volumes/mycode/mysoft_2026/myERP2025-master/myReact_ERP_v6.3.2/.next/BUILD_ID'
2025-03-16T21:31:02: }
2025-03-16T21:31:03: 
2025-03-16T21:31:03: > FHERP@10.1.0-FHERPstart
2025-03-16T21:31:03: > next start
2025-03-16T21:31:03: 
2025-03-16T21:31:03: [Error: ENOENT: no such file or directory, open '/Volumes/mycode/mysoft_2026/myERP2025-master/myReact_ERP_v6.3.2/.next/BUILD_ID'] {
2025-03-16T21:31:03:   errno: -2,
2025-03-16T21:31:03:   code: 'ENOENT',
2025-03-16T21:31:03:   syscall: 'open',
2025-03-16T21:31:03:   path: '/Volumes/mycode/mysoft_2026/myERP2025-master/myReact_ERP_v6.3.2/.next/BUILD_ID'
2025-03-16T21:31:03: }
2025-03-16T21:31:04: 
2025-03-16T21:31:04: > FHERP@10.1.0-FHERPstart
2025-03-16T21:31:04: > next start
2025-03-16T21:31:04: 
2025-03-16T21:31:05: [Error: ENOENT: no such file or directory, open '/Volumes/mycode/mysoft_2026/myERP2025-master/myReact_ERP_v6.3.2/.next/BUILD_ID'] {
2025-03-16T21:31:05:   errno: -2,
2025-03-16T21:31:05:   code: 'ENOENT',
2025-03-16T21:31:05:   syscall: 'open',
2025-03-16T21:31:05:   path: '/Volumes/mycode/mysoft_2026/myERP2025-master/myReact_ERP_v6.3.2/.next/BUILD_ID'
2025-03-16T21:31:05: }
2025-03-16T21:31:06: 
2025-03-16T21:31:06: > FHERP@10.1.0-FHERPstart
2025-03-16T21:31:06: > next start
2025-03-16T21:31:06: 
2025-03-16T21:31:06: [Error: ENOENT: no such file or directory, open '/Volumes/mycode/mysoft_2026/myERP2025-master/myReact_ERP_v6.3.2/.next/BUILD_ID'] {
2025-03-16T21:31:06:   errno: -2,
2025-03-16T21:31:06:   code: 'ENOENT',
2025-03-16T21:31:06:   syscall: 'open',
2025-03-16T21:31:06:   path: '/Volumes/mycode/mysoft_2026/myERP2025-master/myReact_ERP_v6.3.2/.next/BUILD_ID'
2025-03-16T21:31:06: }
2025-03-16T21:31:08: 
2025-03-16T21:31:08: > FHERP@10.1.0-FHERPstart
2025-03-16T21:31:08: > next start
2025-03-16T21:31:08: 
2025-03-16T21:31:08: [Error: ENOENT: no such file or directory, open '/Volumes/mycode/mysoft_2026/myERP2025-master/myReact_ERP_v6.3.2/.next/BUILD_ID'] {
2025-03-16T21:31:08:   errno: -2,
2025-03-16T21:31:08:   code: 'ENOENT',
2025-03-16T21:31:08:   syscall: 'open',
2025-03-16T21:31:08:   path: '/Volumes/mycode/mysoft_2026/myERP2025-master/myReact_ERP_v6.3.2/.next/BUILD_ID'
2025-03-16T21:31:08: }
2025-03-16T21:31:09: 
2025-03-16T21:31:09: > FHERP@10.1.0-FHERPstart
2025-03-16T21:31:09: > next start
2025-03-16T21:31:09: 
2025-03-16T21:31:10: [Error: ENOENT: no such file or directory, open '/Volumes/mycode/mysoft_2026/myERP2025-master/myReact_ERP_v6.3.2/.next/BUILD_ID'] {
2025-03-16T21:31:10:   errno: -2,
2025-03-16T21:31:10:   code: 'ENOENT',
2025-03-16T21:31:10:   syscall: 'open',
2025-03-16T21:31:10:   path: '/Volumes/mycode/mysoft_2026/myERP2025-master/myReact_ERP_v6.3.2/.next/BUILD_ID'
2025-03-16T21:31:10: }
2025-03-16T21:31:11: 
2025-03-16T21:31:11: > FHERP@10.1.0-FHERPstart
2025-03-16T21:31:11: > next start
2025-03-16T21:31:11: 
2025-03-16T21:31:12: [Error: ENOENT: no such file or directory, open '/Volumes/mycode/mysoft_2026/myERP2025-master/myReact_ERP_v6.3.2/.next/BUILD_ID'] {
2025-03-16T21:31:12:   errno: -2,
2025-03-16T21:31:12:   code: 'ENOENT',
2025-03-16T21:31:12:   syscall: 'open',
2025-03-16T21:31:12:   path: '/Volumes/mycode/mysoft_2026/myERP2025-master/myReact_ERP_v6.3.2/.next/BUILD_ID'
2025-03-16T21:31:12: }
2025-03-16T21:31:13: 
2025-03-16T21:31:13: > FHERP@10.1.0-FHERPstart
2025-03-16T21:31:13: > next start
2025-03-16T21:31:13: 
2025-03-16T21:31:13: [Error: ENOENT: no such file or directory, open '/Volumes/mycode/mysoft_2026/myERP2025-master/myReact_ERP_v6.3.2/.next/BUILD_ID'] {
2025-03-16T21:31:13:   errno: -2,
2025-03-16T21:31:13:   code: 'ENOENT',
2025-03-16T21:31:13:   syscall: 'open',
2025-03-16T21:31:13:   path: '/Volumes/mycode/mysoft_2026/myERP2025-master/myReact_ERP_v6.3.2/.next/BUILD_ID'
2025-03-16T21:31:13: }
2025-03-16T21:31:14: 
2025-03-16T21:31:14: > FHERP@10.1.0-FHERPstart
2025-03-16T21:31:14: > next start
2025-03-16T21:31:14: 
2025-03-16T21:31:15: [Error: ENOENT: no such file or directory, open '/Volumes/mycode/mysoft_2026/myERP2025-master/myReact_ERP_v6.3.2/.next/BUILD_ID'] {
2025-03-16T21:31:15:   errno: -2,
2025-03-16T21:31:15:   code: 'ENOENT',
2025-03-16T21:31:15:   syscall: 'open',
2025-03-16T21:31:15:   path: '/Volumes/mycode/mysoft_2026/myERP2025-master/myReact_ERP_v6.3.2/.next/BUILD_ID'
2025-03-16T21:31:15: }
2025-03-16T21:31:16: 
2025-03-16T21:31:16: > FHERP@10.1.0-FHERPstart
2025-03-16T21:31:16: > next start
2025-03-16T21:31:16: 
2025-03-16T21:31:16: [Error: ENOENT: no such file or directory, open '/Volumes/mycode/mysoft_2026/myERP2025-master/myReact_ERP_v6.3.2/.next/BUILD_ID'] {
2025-03-16T21:31:16:   errno: -2,
2025-03-16T21:31:16:   code: 'ENOENT',
2025-03-16T21:31:16:   syscall: 'open',
2025-03-16T21:31:16:   path: '/Volumes/mycode/mysoft_2026/myERP2025-master/myReact_ERP_v6.3.2/.next/BUILD_ID'
2025-03-16T21:31:16: }
2025-03-16T21:31:17: 
2025-03-16T21:31:17: > FHERP@10.1.0-FHERPstart
2025-03-16T21:31:17: > next start
2025-03-16T21:31:17: 
2025-03-16T21:31:17: [Error: ENOENT: no such file or directory, open '/Volumes/mycode/mysoft_2026/myERP2025-master/myReact_ERP_v6.3.2/.next/BUILD_ID'] {
2025-03-16T21:31:17:   errno: -2,
2025-03-16T21:31:17:   code: 'ENOENT',
2025-03-16T21:31:17:   syscall: 'open',
2025-03-16T21:31:17:   path: '/Volumes/mycode/mysoft_2026/myERP2025-master/myReact_ERP_v6.3.2/.next/BUILD_ID'
2025-03-16T21:31:17: }
2025-03-16T21:31:18: 
2025-03-16T21:31:18: > FHERP@10.1.0-FHERPstart
2025-03-16T21:31:18: > next start
2025-03-16T21:31:18: 
2025-03-16T21:31:19: [Error: ENOENT: no such file or directory, open '/Volumes/mycode/mysoft_2026/myERP2025-master/myReact_ERP_v6.3.2/.next/BUILD_ID'] {
2025-03-16T21:31:19:   errno: -2,
2025-03-16T21:31:19:   code: 'ENOENT',
2025-03-16T21:31:19:   syscall: 'open',
2025-03-16T21:31:19:   path: '/Volumes/mycode/mysoft_2026/myERP2025-master/myReact_ERP_v6.3.2/.next/BUILD_ID'
2025-03-16T21:31:19: }
2025-03-16T21:31:20: 
2025-03-16T21:31:20: > FHERP@10.1.0-FHERPstart
2025-03-16T21:31:20: > next start
2025-03-16T21:31:20: 
2025-03-16T21:31:20: [Error: ENOENT: no such file or directory, open '/Volumes/mycode/mysoft_2026/myERP2025-master/myReact_ERP_v6.3.2/.next/BUILD_ID'] {
2025-03-16T21:31:20:   errno: -2,
2025-03-16T21:31:20:   code: 'ENOENT',
2025-03-16T21:31:20:   syscall: 'open',
2025-03-16T21:31:20:   path: '/Volumes/mycode/mysoft_2026/myERP2025-master/myReact_ERP_v6.3.2/.next/BUILD_ID'
2025-03-16T21:31:20: }
2025-03-16T21:31:21: 
2025-03-16T21:31:21: > FHERP@10.1.0-FHERPstart
2025-03-16T21:31:21: > next start
2025-03-16T21:31:21: 
2025-03-16T21:31:22: [Error: ENOENT: no such file or directory, open '/Volumes/mycode/mysoft_2026/myERP2025-master/myReact_ERP_v6.3.2/.next/BUILD_ID'] {
2025-03-16T21:31:22:   errno: -2,
2025-03-16T21:31:22:   code: 'ENOENT',
2025-03-16T21:31:22:   syscall: 'open',
2025-03-16T21:31:22:   path: '/Volumes/mycode/mysoft_2026/myERP2025-master/myReact_ERP_v6.3.2/.next/BUILD_ID'
2025-03-16T21:31:22: }
2025-03-16T21:31:22: 
2025-03-16T21:31:22: > FHERP@10.1.0-FHERPstart
2025-03-16T21:31:22: > next start
2025-03-16T21:31:22: 
2025-03-16T21:31:23: [Error: ENOENT: no such file or directory, open '/Volumes/mycode/mysoft_2026/myERP2025-master/myReact_ERP_v6.3.2/.next/BUILD_ID'] {
2025-03-16T21:31:23:   errno: -2,
2025-03-16T21:31:23:   code: 'ENOENT',
2025-03-16T21:31:23:   syscall: 'open',
2025-03-16T21:31:23:   path: '/Volumes/mycode/mysoft_2026/myERP2025-master/myReact_ERP_v6.3.2/.next/BUILD_ID'
2025-03-16T21:31:23: }
2025-03-16T21:31:24: 
2025-03-16T21:31:24: > FHERP@10.1.0-FHERPstart
2025-03-16T21:31:24: > next start
2025-03-16T21:31:24: 
2025-03-16T21:31:24: [Error: ENOENT: no such file or directory, open '/Volumes/mycode/mysoft_2026/myERP2025-master/myReact_ERP_v6.3.2/.next/BUILD_ID'] {
2025-03-16T21:31:24:   errno: -2,
2025-03-16T21:31:24:   code: 'ENOENT',
2025-03-16T21:31:24:   syscall: 'open',
2025-03-16T21:31:24:   path: '/Volumes/mycode/mysoft_2026/myERP2025-master/myReact_ERP_v6.3.2/.next/BUILD_ID'
2025-03-16T21:31:24: }
2025-03-16T21:31:25: 
2025-03-16T21:31:25: > FHERP@10.1.0-FHERPstart
2025-03-16T21:31:25: > next start
2025-03-16T21:31:25: 
2025-03-16T21:31:26: [Error: ENOENT: no such file or directory, open '/Volumes/mycode/mysoft_2026/myERP2025-master/myReact_ERP_v6.3.2/.next/BUILD_ID'] {
2025-03-16T21:31:26:   errno: -2,
2025-03-16T21:31:26:   code: 'ENOENT',
2025-03-16T21:31:26:   syscall: 'open',
2025-03-16T21:31:26:   path: '/Volumes/mycode/mysoft_2026/myERP2025-master/myReact_ERP_v6.3.2/.next/BUILD_ID'
2025-03-16T21:31:26: }
2025-03-16T21:31:26: 
2025-03-16T21:31:26: > FHERP@10.1.0-FHERPstart
2025-03-16T21:31:26: > next start
2025-03-16T21:31:26: 
2025-03-16T21:31:27: [Error: ENOENT: no such file or directory, open '/Volumes/mycode/mysoft_2026/myERP2025-master/myReact_ERP_v6.3.2/.next/BUILD_ID'] {
2025-03-16T21:31:27:   errno: -2,
2025-03-16T21:31:27:   code: 'ENOENT',
2025-03-16T21:31:27:   syscall: 'open',
2025-03-16T21:31:27:   path: '/Volumes/mycode/mysoft_2026/myERP2025-master/myReact_ERP_v6.3.2/.next/BUILD_ID'
2025-03-16T21:31:27: }
2025-03-16T21:31:28: 
2025-03-16T21:31:28: > FHERP@10.1.0-FHERPstart
2025-03-16T21:31:28: > next start
2025-03-16T21:31:28: 
2025-03-16T21:31:28: [Error: ENOENT: no such file or directory, open '/Volumes/mycode/mysoft_2026/myERP2025-master/myReact_ERP_v6.3.2/.next/BUILD_ID'] {
2025-03-16T21:31:28:   errno: -2,
2025-03-16T21:31:28:   code: 'ENOENT',
2025-03-16T21:31:28:   syscall: 'open',
2025-03-16T21:31:28:   path: '/Volumes/mycode/mysoft_2026/myERP2025-master/myReact_ERP_v6.3.2/.next/BUILD_ID'
2025-03-16T21:31:28: }
2025-03-16T21:31:29: 
2025-03-16T21:31:29: > FHERP@10.1.0-FHERPstart
2025-03-16T21:31:29: > next start
2025-03-16T21:31:29: 
2025-03-16T21:31:30: [Error: ENOENT: no such file or directory, open '/Volumes/mycode/mysoft_2026/myERP2025-master/myReact_ERP_v6.3.2/.next/BUILD_ID'] {
2025-03-16T21:31:30:   errno: -2,
2025-03-16T21:31:30:   code: 'ENOENT',
2025-03-16T21:31:30:   syscall: 'open',
2025-03-16T21:31:30:   path: '/Volumes/mycode/mysoft_2026/myERP2025-master/myReact_ERP_v6.3.2/.next/BUILD_ID'
2025-03-16T21:31:30: }
2025-03-16T21:31:31: 
2025-03-16T21:31:31: > FHERP@10.1.0-FHERPstart
2025-03-16T21:31:31: > next start
2025-03-16T21:31:31: 
2025-03-16T21:31:32: [Error: ENOENT: no such file or directory, open '/Volumes/mycode/mysoft_2026/myERP2025-master/myReact_ERP_v6.3.2/.next/BUILD_ID'] {
2025-03-16T21:31:32:   errno: -2,
2025-03-16T21:31:32:   code: 'ENOENT',
2025-03-16T21:31:32:   syscall: 'open',
2025-03-16T21:31:32:   path: '/Volumes/mycode/mysoft_2026/myERP2025-master/myReact_ERP_v6.3.2/.next/BUILD_ID'
2025-03-16T21:31:32: }
2025-03-16T21:31:34: 
2025-03-16T21:31:34: > FHERP@10.1.0-FHERPstart
2025-03-16T21:31:34: > next start
2025-03-16T21:31:34: 
2025-03-16T21:31:35: [Error: ENOENT: no such file or directory, open '/Volumes/mycode/mysoft_2026/myERP2025-master/myReact_ERP_v6.3.2/.next/BUILD_ID'] {
2025-03-16T21:31:35:   errno: -2,
2025-03-16T21:31:35:   code: 'ENOENT',
2025-03-16T21:31:35:   syscall: 'open',
2025-03-16T21:31:35:   path: '/Volumes/mycode/mysoft_2026/myERP2025-master/myReact_ERP_v6.3.2/.next/BUILD_ID'
2025-03-16T21:31:35: }
2025-03-16T21:31:36: 
2025-03-16T21:31:36: > FHERP@10.1.0-FHERPstart
2025-03-16T21:31:36: > next start
2025-03-16T21:31:36: 
2025-03-16T21:31:37: [Error: ENOENT: no such file or directory, open '/Volumes/mycode/mysoft_2026/myERP2025-master/myReact_ERP_v6.3.2/.next/BUILD_ID'] {
2025-03-16T21:31:37:   errno: -2,
2025-03-16T21:31:37:   code: 'ENOENT',
2025-03-16T21:31:37:   syscall: 'open',
2025-03-16T21:31:37:   path: '/Volumes/mycode/mysoft_2026/myERP2025-master/myReact_ERP_v6.3.2/.next/BUILD_ID'
2025-03-16T21:31:37: }
2025-03-16T21:31:38: 
2025-03-16T21:31:38: > FHERP@10.1.0-FHERPstart
2025-03-16T21:31:38: > next start
2025-03-16T21:31:38: 
2025-03-16T21:31:39: [Error: ENOENT: no such file or directory, open '/Volumes/mycode/mysoft_2026/myERP2025-master/myReact_ERP_v6.3.2/.next/BUILD_ID'] {
2025-03-16T21:31:39:   errno: -2,
2025-03-16T21:31:39:   code: 'ENOENT',
2025-03-16T21:31:39:   syscall: 'open',
2025-03-16T21:31:39:   path: '/Volumes/mycode/mysoft_2026/myERP2025-master/myReact_ERP_v6.3.2/.next/BUILD_ID'
2025-03-16T21:31:39: }
2025-03-16T21:31:40: 
2025-03-16T21:31:40: > FHERP@10.1.0-FHERPstart
2025-03-16T21:31:40: > next start
2025-03-16T21:31:40: 
2025-03-16T21:31:40: [Error: ENOENT: no such file or directory, open '/Volumes/mycode/mysoft_2026/myERP2025-master/myReact_ERP_v6.3.2/.next/BUILD_ID'] {
2025-03-16T21:31:40:   errno: -2,
2025-03-16T21:31:40:   code: 'ENOENT',
2025-03-16T21:31:40:   syscall: 'open',
2025-03-16T21:31:40:   path: '/Volumes/mycode/mysoft_2026/myERP2025-master/myReact_ERP_v6.3.2/.next/BUILD_ID'
2025-03-16T21:31:40: }
2025-03-16T21:31:41: 
2025-03-16T21:31:41: > FHERP@10.1.0-FHERPstart
2025-03-16T21:31:41: > next start
2025-03-16T21:31:41: 
2025-03-16T21:31:42: [Error: ENOENT: no such file or directory, open '/Volumes/mycode/mysoft_2026/myERP2025-master/myReact_ERP_v6.3.2/.next/BUILD_ID'] {
2025-03-16T21:31:42:   errno: -2,
2025-03-16T21:31:42:   code: 'ENOENT',
2025-03-16T21:31:42:   syscall: 'open',
2025-03-16T21:31:42:   path: '/Volumes/mycode/mysoft_2026/myERP2025-master/myReact_ERP_v6.3.2/.next/BUILD_ID'
2025-03-16T21:31:42: }
2025-03-16T21:31:43: 
2025-03-16T21:31:43: > FHERP@10.1.0-FHERPstart
2025-03-16T21:31:43: > next start
2025-03-16T21:31:43: 
2025-03-16T21:31:44: [Error: ENOENT: no such file or directory, open '/Volumes/mycode/mysoft_2026/myERP2025-master/myReact_ERP_v6.3.2/.next/BUILD_ID'] {
2025-03-16T21:31:44:   errno: -2,
2025-03-16T21:31:44:   code: 'ENOENT',
2025-03-16T21:31:44:   syscall: 'open',
2025-03-16T21:31:44:   path: '/Volumes/mycode/mysoft_2026/myERP2025-master/myReact_ERP_v6.3.2/.next/BUILD_ID'
2025-03-16T21:31:44: }
2025-03-16T21:31:45: 
2025-03-16T21:31:45: > FHERP@10.1.0-FHERPstart
2025-03-16T21:31:45: > next start
2025-03-16T21:31:45: 
2025-03-16T21:31:46: [Error: ENOENT: no such file or directory, open '/Volumes/mycode/mysoft_2026/myERP2025-master/myReact_ERP_v6.3.2/.next/BUILD_ID'] {
2025-03-16T21:31:46:   errno: -2,
2025-03-16T21:31:46:   code: 'ENOENT',
2025-03-16T21:31:46:   syscall: 'open',
2025-03-16T21:31:46:   path: '/Volumes/mycode/mysoft_2026/myERP2025-master/myReact_ERP_v6.3.2/.next/BUILD_ID'
2025-03-16T21:31:46: }
2025-03-16T21:31:47: 
2025-03-16T21:31:47: > FHERP@10.1.0-FHERPstart
2025-03-16T21:31:47: > next start
2025-03-16T21:31:47: 
2025-03-16T21:31:48: [Error: ENOENT: no such file or directory, open '/Volumes/mycode/mysoft_2026/myERP2025-master/myReact_ERP_v6.3.2/.next/BUILD_ID'] {
2025-03-16T21:31:48:   errno: -2,
2025-03-16T21:31:48:   code: 'ENOENT',
2025-03-16T21:31:48:   syscall: 'open',
2025-03-16T21:31:48:   path: '/Volumes/mycode/mysoft_2026/myERP2025-master/myReact_ERP_v6.3.2/.next/BUILD_ID'
2025-03-16T21:31:48: }
2025-03-16T21:31:49: 
2025-03-16T21:31:49: > FHERP@10.1.0-FHERPstart
2025-03-16T21:31:49: > next start
2025-03-16T21:31:49: 
2025-03-16T21:31:49: [Error: ENOENT: no such file or directory, open '/Volumes/mycode/mysoft_2026/myERP2025-master/myReact_ERP_v6.3.2/.next/BUILD_ID'] {
2025-03-16T21:31:49:   errno: -2,
2025-03-16T21:31:49:   code: 'ENOENT',
2025-03-16T21:31:49:   syscall: 'open',
2025-03-16T21:31:49:   path: '/Volumes/mycode/mysoft_2026/myERP2025-master/myReact_ERP_v6.3.2/.next/BUILD_ID'
2025-03-16T21:31:49: }
2025-03-16T21:31:50: 
2025-03-16T21:31:50: > FHERP@10.1.0-FHERPstart
2025-03-16T21:31:50: > next start
2025-03-16T21:31:50: 
2025-03-16T21:31:51: [Error: ENOENT: no such file or directory, open '/Volumes/mycode/mysoft_2026/myERP2025-master/myReact_ERP_v6.3.2/.next/BUILD_ID'] {
2025-03-16T21:31:51:   errno: -2,
2025-03-16T21:31:51:   code: 'ENOENT',
2025-03-16T21:31:51:   syscall: 'open',
2025-03-16T21:31:51:   path: '/Volumes/mycode/mysoft_2026/myERP2025-master/myReact_ERP_v6.3.2/.next/BUILD_ID'
2025-03-16T21:31:51: }
2025-03-16T21:31:52: 
2025-03-16T21:31:52: > FHERP@10.1.0-FHERPstart
2025-03-16T21:31:52: > next start
2025-03-16T21:31:52: 
2025-03-16T21:31:53: [Error: ENOENT: no such file or directory, open '/Volumes/mycode/mysoft_2026/myERP2025-master/myReact_ERP_v6.3.2/.next/BUILD_ID'] {
2025-03-16T21:31:53:   errno: -2,
2025-03-16T21:31:53:   code: 'ENOENT',
2025-03-16T21:31:53:   syscall: 'open',
2025-03-16T21:31:53:   path: '/Volumes/mycode/mysoft_2026/myERP2025-master/myReact_ERP_v6.3.2/.next/BUILD_ID'
2025-03-16T21:31:53: }
2025-03-16T21:31:54: 
2025-03-16T21:31:54: > FHERP@10.1.0-FHERPstart
2025-03-16T21:31:54: > next start
2025-03-16T21:31:54: 
2025-03-16T21:31:55: [Error: ENOENT: no such file or directory, open '/Volumes/mycode/mysoft_2026/myERP2025-master/myReact_ERP_v6.3.2/.next/BUILD_ID'] {
2025-03-16T21:31:55:   errno: -2,
2025-03-16T21:31:55:   code: 'ENOENT',
2025-03-16T21:31:55:   syscall: 'open',
2025-03-16T21:31:55:   path: '/Volumes/mycode/mysoft_2026/myERP2025-master/myReact_ERP_v6.3.2/.next/BUILD_ID'
2025-03-16T21:31:55: }
2025-03-16T21:31:55: 
2025-03-16T21:31:55: > FHERP@10.1.0-FHERPstart
2025-03-16T21:31:55: > next start
2025-03-16T21:31:55: 
2025-03-16T21:31:56: [Error: ENOENT: no such file or directory, open '/Volumes/mycode/mysoft_2026/myERP2025-master/myReact_ERP_v6.3.2/.next/BUILD_ID'] {
2025-03-16T21:31:56:   errno: -2,
2025-03-16T21:31:56:   code: 'ENOENT',
2025-03-16T21:31:56:   syscall: 'open',
2025-03-16T21:31:56:   path: '/Volumes/mycode/mysoft_2026/myERP2025-master/myReact_ERP_v6.3.2/.next/BUILD_ID'
2025-03-16T21:31:56: }
2025-03-16T21:31:57: 
2025-03-16T21:31:57: > FHERP@10.1.0-FHERPstart
2025-03-16T21:31:57: > next start
2025-03-16T21:31:57: 
2025-03-16T21:31:57: [Error: ENOENT: no such file or directory, open '/Volumes/mycode/mysoft_2026/myERP2025-master/myReact_ERP_v6.3.2/.next/BUILD_ID'] {
2025-03-16T21:31:57:   errno: -2,
2025-03-16T21:31:57:   code: 'ENOENT',
2025-03-16T21:31:57:   syscall: 'open',
2025-03-16T21:31:57:   path: '/Volumes/mycode/mysoft_2026/myERP2025-master/myReact_ERP_v6.3.2/.next/BUILD_ID'
2025-03-16T21:31:57: }
2025-03-16T21:31:58: 
2025-03-16T21:31:58: > FHERP@10.1.0-FHERPstart
2025-03-16T21:31:58: > next start
2025-03-16T21:31:58: 
2025-03-16T21:31:59: [Error: ENOENT: no such file or directory, open '/Volumes/mycode/mysoft_2026/myERP2025-master/myReact_ERP_v6.3.2/.next/BUILD_ID'] {
2025-03-16T21:31:59:   errno: -2,
2025-03-16T21:31:59:   code: 'ENOENT',
2025-03-16T21:31:59:   syscall: 'open',
2025-03-16T21:31:59:   path: '/Volumes/mycode/mysoft_2026/myERP2025-master/myReact_ERP_v6.3.2/.next/BUILD_ID'
2025-03-16T21:31:59: }
2025-03-16T21:32:00: 
2025-03-16T21:32:00: > FHERP@10.1.0-FHERPstart
2025-03-16T21:32:00: > next start
2025-03-16T21:32:00: 
2025-03-16T21:32:01: [Error: ENOENT: no such file or directory, open '/Volumes/mycode/mysoft_2026/myERP2025-master/myReact_ERP_v6.3.2/.next/BUILD_ID'] {
2025-03-16T21:32:01:   errno: -2,
2025-03-16T21:32:01:   code: 'ENOENT',
2025-03-16T21:32:01:   syscall: 'open',
2025-03-16T21:32:01:   path: '/Volumes/mycode/mysoft_2026/myERP2025-master/myReact_ERP_v6.3.2/.next/BUILD_ID'
2025-03-16T21:32:01: }
2025-03-16T21:32:03: 
2025-03-16T21:32:03: > FHERP@10.1.0-FHERPstart
2025-03-16T21:32:03: > next start
2025-03-16T21:32:03: 
2025-03-16T21:32:03: [Error: ENOENT: no such file or directory, open '/Volumes/mycode/mysoft_2026/myERP2025-master/myReact_ERP_v6.3.2/.next/BUILD_ID'] {
2025-03-16T21:32:03:   errno: -2,
2025-03-16T21:32:03:   code: 'ENOENT',
2025-03-16T21:32:03:   syscall: 'open',
2025-03-16T21:32:03:   path: '/Volumes/mycode/mysoft_2026/myERP2025-master/myReact_ERP_v6.3.2/.next/BUILD_ID'
2025-03-16T21:32:03: }
2025-03-16T21:32:04: 
2025-03-16T21:32:04: > FHERP@10.1.0-FHERPstart
2025-03-16T21:32:04: > next start
2025-03-16T21:32:04: 
2025-03-16T21:32:05: [Error: ENOENT: no such file or directory, open '/Volumes/mycode/mysoft_2026/myERP2025-master/myReact_ERP_v6.3.2/.next/BUILD_ID'] {
2025-03-16T21:32:05:   errno: -2,
2025-03-16T21:32:05:   code: 'ENOENT',
2025-03-16T21:32:05:   syscall: 'open',
2025-03-16T21:32:05:   path: '/Volumes/mycode/mysoft_2026/myERP2025-master/myReact_ERP_v6.3.2/.next/BUILD_ID'
2025-03-16T21:32:05: }
2025-03-16T21:32:06: 
2025-03-16T21:32:06: > FHERP@10.1.0-FHERPstart
2025-03-16T21:32:06: > next start
2025-03-16T21:32:06: 
2025-03-16T21:32:07: [Error: ENOENT: no such file or directory, open '/Volumes/mycode/mysoft_2026/myERP2025-master/myReact_ERP_v6.3.2/.next/BUILD_ID'] {
2025-03-16T21:32:07:   errno: -2,
2025-03-16T21:32:07:   code: 'ENOENT',
2025-03-16T21:32:07:   syscall: 'open',
2025-03-16T21:32:07:   path: '/Volumes/mycode/mysoft_2026/myERP2025-master/myReact_ERP_v6.3.2/.next/BUILD_ID'
2025-03-16T21:32:07: }
2025-03-16T21:32:08: 
2025-03-16T21:32:08: > FHERP@10.1.0-FHERPstart
2025-03-16T21:32:08: > next start
2025-03-16T21:32:08: 
2025-03-16T21:32:09: [Error: ENOENT: no such file or directory, open '/Volumes/mycode/mysoft_2026/myERP2025-master/myReact_ERP_v6.3.2/.next/BUILD_ID'] {
2025-03-16T21:32:09:   errno: -2,
2025-03-16T21:32:09:   code: 'ENOENT',
2025-03-16T21:32:09:   syscall: 'open',
2025-03-16T21:32:09:   path: '/Volumes/mycode/mysoft_2026/myERP2025-master/myReact_ERP_v6.3.2/.next/BUILD_ID'
2025-03-16T21:32:09: }
2025-03-16T21:32:09: 
2025-03-16T21:32:09: > FHERP@10.1.0-FHERPstart
2025-03-16T21:32:09: > next start
2025-03-16T21:32:09: 
2025-03-16T21:32:10: [Error: ENOENT: no such file or directory, open '/Volumes/mycode/mysoft_2026/myERP2025-master/myReact_ERP_v6.3.2/.next/BUILD_ID'] {
2025-03-16T21:32:10:   errno: -2,
2025-03-16T21:32:10:   code: 'ENOENT',
2025-03-16T21:32:10:   syscall: 'open',
2025-03-16T21:32:10:   path: '/Volumes/mycode/mysoft_2026/myERP2025-master/myReact_ERP_v6.3.2/.next/BUILD_ID'
2025-03-16T21:32:10: }
2025-03-16T21:37:03: 
2025-03-16T21:37:03: > FHERP@10.1.0-FHERPstart
2025-03-16T21:37:03: > next start
2025-03-16T21:37:03: 
2025-03-16T21:37:04: [Error: ENOENT: no such file or directory, open '/Volumes/mycode/mysoft_2026/myERP2025-master/myReact_ERP_v6.3.2/.next/BUILD_ID'] {
2025-03-16T21:37:04:   errno: -2,
2025-03-16T21:37:04:   code: 'ENOENT',
2025-03-16T21:37:04:   syscall: 'open',
2025-03-16T21:37:04:   path: '/Volumes/mycode/mysoft_2026/myERP2025-master/myReact_ERP_v6.3.2/.next/BUILD_ID'
2025-03-16T21:37:04: }
2025-03-16T21:37:05: 
2025-03-16T21:37:05: > FHERP@10.1.0-FHERPstart
2025-03-16T21:37:05: > next start
2025-03-16T21:37:05: 
2025-03-16T21:37:06: [Error: ENOENT: no such file or directory, open '/Volumes/mycode/mysoft_2026/myERP2025-master/myReact_ERP_v6.3.2/.next/BUILD_ID'] {
2025-03-16T21:37:06:   errno: -2,
2025-03-16T21:37:06:   code: 'ENOENT',
2025-03-16T21:37:06:   syscall: 'open',
2025-03-16T21:37:06:   path: '/Volumes/mycode/mysoft_2026/myERP2025-master/myReact_ERP_v6.3.2/.next/BUILD_ID'
2025-03-16T21:37:06: }
2025-03-16T21:37:07: 
2025-03-16T21:37:07: > FHERP@10.1.0-FHERPstart
2025-03-16T21:37:07: > next start
2025-03-16T21:37:07: 
2025-03-16T21:37:07: [Error: ENOENT: no such file or directory, open '/Volumes/mycode/mysoft_2026/myERP2025-master/myReact_ERP_v6.3.2/.next/BUILD_ID'] {
2025-03-16T21:37:07:   errno: -2,
2025-03-16T21:37:07:   code: 'ENOENT',
2025-03-16T21:37:07:   syscall: 'open',
2025-03-16T21:37:07:   path: '/Volumes/mycode/mysoft_2026/myERP2025-master/myReact_ERP_v6.3.2/.next/BUILD_ID'
2025-03-16T21:37:07: }
2025-03-16T21:37:08: 
2025-03-16T21:37:08: > FHERP@10.1.0-FHERPstart
2025-03-16T21:37:08: > next start
2025-03-16T21:37:08: 
2025-03-16T21:37:09: [Error: ENOENT: no such file or directory, open '/Volumes/mycode/mysoft_2026/myERP2025-master/myReact_ERP_v6.3.2/.next/BUILD_ID'] {
2025-03-16T21:37:09:   errno: -2,
2025-03-16T21:37:09:   code: 'ENOENT',
2025-03-16T21:37:09:   syscall: 'open',
2025-03-16T21:37:09:   path: '/Volumes/mycode/mysoft_2026/myERP2025-master/myReact_ERP_v6.3.2/.next/BUILD_ID'
2025-03-16T21:37:09: }
2025-03-16T21:37:10: 
2025-03-16T21:37:10: > FHERP@10.1.0-FHERPstart
2025-03-16T21:37:10: > next start
2025-03-16T21:37:10: 
2025-03-16T21:37:11: [Error: ENOENT: no such file or directory, open '/Volumes/mycode/mysoft_2026/myERP2025-master/myReact_ERP_v6.3.2/.next/BUILD_ID'] {
2025-03-16T21:37:11:   errno: -2,
2025-03-16T21:37:11:   code: 'ENOENT',
2025-03-16T21:37:11:   syscall: 'open',
2025-03-16T21:37:11:   path: '/Volumes/mycode/mysoft_2026/myERP2025-master/myReact_ERP_v6.3.2/.next/BUILD_ID'
2025-03-16T21:37:11: }
2025-03-16T21:37:12: 
2025-03-16T21:37:12: > FHERP@10.1.0-FHERPstart
2025-03-16T21:37:12: > next start
2025-03-16T21:37:12: 
2025-03-16T21:37:13: [Error: ENOENT: no such file or directory, open '/Volumes/mycode/mysoft_2026/myERP2025-master/myReact_ERP_v6.3.2/.next/BUILD_ID'] {
2025-03-16T21:37:13:   errno: -2,
2025-03-16T21:37:13:   code: 'ENOENT',
2025-03-16T21:37:13:   syscall: 'open',
2025-03-16T21:37:13:   path: '/Volumes/mycode/mysoft_2026/myERP2025-master/myReact_ERP_v6.3.2/.next/BUILD_ID'
2025-03-16T21:37:13: }
2025-03-16T21:37:15: 
2025-03-16T21:37:15: > FHERP@10.1.0-FHERPstart
2025-03-16T21:37:15: > next start
2025-03-16T21:37:15: 
2025-03-16T21:37:16: [Error: ENOENT: no such file or directory, open '/Volumes/mycode/mysoft_2026/myERP2025-master/myReact_ERP_v6.3.2/.next/BUILD_ID'] {
2025-03-16T21:37:16:   errno: -2,
2025-03-16T21:37:16:   code: 'ENOENT',
2025-03-16T21:37:16:   syscall: 'open',
2025-03-16T21:37:16:   path: '/Volumes/mycode/mysoft_2026/myERP2025-master/myReact_ERP_v6.3.2/.next/BUILD_ID'
2025-03-16T21:37:16: }
2025-03-16T21:37:17: 
2025-03-16T21:37:17: > FHERP@10.1.0-FHERPstart
2025-03-16T21:37:17: > next start
2025-03-16T21:37:17: 
2025-03-16T21:37:18: [Error: ENOENT: no such file or directory, open '/Volumes/mycode/mysoft_2026/myERP2025-master/myReact_ERP_v6.3.2/.next/BUILD_ID'] {
2025-03-16T21:37:18:   errno: -2,
2025-03-16T21:37:18:   code: 'ENOENT',
2025-03-16T21:37:18:   syscall: 'open',
2025-03-16T21:37:18:   path: '/Volumes/mycode/mysoft_2026/myERP2025-master/myReact_ERP_v6.3.2/.next/BUILD_ID'
2025-03-16T21:37:18: }
2025-03-16T21:37:19: 
2025-03-16T21:37:19: > FHERP@10.1.0-FHERPstart
2025-03-16T21:37:19: > next start
2025-03-16T21:37:19: 
2025-03-16T21:37:20: [Error: ENOENT: no such file or directory, open '/Volumes/mycode/mysoft_2026/myERP2025-master/myReact_ERP_v6.3.2/.next/BUILD_ID'] {
2025-03-16T21:37:20:   errno: -2,
2025-03-16T21:37:20:   code: 'ENOENT',
2025-03-16T21:37:20:   syscall: 'open',
2025-03-16T21:37:20:   path: '/Volumes/mycode/mysoft_2026/myERP2025-master/myReact_ERP_v6.3.2/.next/BUILD_ID'
2025-03-16T21:37:20: }
2025-03-16T21:37:20: 
2025-03-16T21:37:20: > FHERP@10.1.0-FHERPstart
2025-03-16T21:37:20: > next start
2025-03-16T21:37:20: 
2025-03-16T21:37:21: [Error: ENOENT: no such file or directory, open '/Volumes/mycode/mysoft_2026/myERP2025-master/myReact_ERP_v6.3.2/.next/BUILD_ID'] {
2025-03-16T21:37:21:   errno: -2,
2025-03-16T21:37:21:   code: 'ENOENT',
2025-03-16T21:37:21:   syscall: 'open',
2025-03-16T21:37:21:   path: '/Volumes/mycode/mysoft_2026/myERP2025-master/myReact_ERP_v6.3.2/.next/BUILD_ID'
2025-03-16T21:37:21: }
2025-03-16T21:37:23: 
2025-03-16T21:37:23: > FHERP@10.1.0-FHERPstart
2025-03-16T21:37:23: > next start
2025-03-16T21:37:23: 
2025-03-16T21:37:24: [Error: ENOENT: no such file or directory, open '/Volumes/mycode/mysoft_2026/myERP2025-master/myReact_ERP_v6.3.2/.next/BUILD_ID'] {
2025-03-16T21:37:24:   errno: -2,
2025-03-16T21:37:24:   code: 'ENOENT',
2025-03-16T21:37:24:   syscall: 'open',
2025-03-16T21:37:24:   path: '/Volumes/mycode/mysoft_2026/myERP2025-master/myReact_ERP_v6.3.2/.next/BUILD_ID'
2025-03-16T21:37:24: }
2025-03-16T21:37:25: 
2025-03-16T21:37:25: > FHERP@10.1.0-FHERPstart
2025-03-16T21:37:25: > next start
2025-03-16T21:37:25: 
2025-03-16T21:37:26: [Error: ENOENT: no such file or directory, open '/Volumes/mycode/mysoft_2026/myERP2025-master/myReact_ERP_v6.3.2/.next/BUILD_ID'] {
2025-03-16T21:37:26:   errno: -2,
2025-03-16T21:37:26:   code: 'ENOENT',
2025-03-16T21:37:26:   syscall: 'open',
2025-03-16T21:37:26:   path: '/Volumes/mycode/mysoft_2026/myERP2025-master/myReact_ERP_v6.3.2/.next/BUILD_ID'
2025-03-16T21:37:26: }
2025-03-16T21:37:28: 
2025-03-16T21:37:28: > FHERP@10.1.0-FHERPstart
2025-03-16T21:37:28: > next start
2025-03-16T21:37:28: 
2025-03-16T21:37:29: [Error: ENOENT: no such file or directory, open '/Volumes/mycode/mysoft_2026/myERP2025-master/myReact_ERP_v6.3.2/.next/BUILD_ID'] {
2025-03-16T21:37:29:   errno: -2,
2025-03-16T21:37:29:   code: 'ENOENT',
2025-03-16T21:37:29:   syscall: 'open',
2025-03-16T21:37:29:   path: '/Volumes/mycode/mysoft_2026/myERP2025-master/myReact_ERP_v6.3.2/.next/BUILD_ID'
2025-03-16T21:37:29: }
2025-03-16T21:37:30: 
2025-03-16T21:37:30: > FHERP@10.1.0-FHERPstart
2025-03-16T21:37:30: > next start
2025-03-16T21:37:30: 
2025-03-16T21:37:31: [Error: ENOENT: no such file or directory, open '/Volumes/mycode/mysoft_2026/myERP2025-master/myReact_ERP_v6.3.2/.next/BUILD_ID'] {
2025-03-16T21:37:31:   errno: -2,
2025-03-16T21:37:31:   code: 'ENOENT',
2025-03-16T21:37:31:   syscall: 'open',
2025-03-16T21:37:31:   path: '/Volumes/mycode/mysoft_2026/myERP2025-master/myReact_ERP_v6.3.2/.next/BUILD_ID'
2025-03-16T21:37:31: }
2025-03-16T21:37:32: 
2025-03-16T21:37:32: > FHERP@10.1.0-FHERPstart
2025-03-16T21:37:32: > next start
2025-03-16T21:37:32: 
2025-03-16T21:37:32: [Error: ENOENT: no such file or directory, open '/Volumes/mycode/mysoft_2026/myERP2025-master/myReact_ERP_v6.3.2/.next/BUILD_ID'] {
2025-03-16T21:37:32:   errno: -2,
2025-03-16T21:37:32:   code: 'ENOENT',
2025-03-16T21:37:32:   syscall: 'open',
2025-03-16T21:37:32:   path: '/Volumes/mycode/mysoft_2026/myERP2025-master/myReact_ERP_v6.3.2/.next/BUILD_ID'
2025-03-16T21:37:32: }
2025-03-16T21:37:33: 
2025-03-16T21:37:33: > FHERP@10.1.0-FHERPstart
2025-03-16T21:37:33: > next start
2025-03-16T21:37:33: 
2025-03-16T21:37:34: [Error: ENOENT: no such file or directory, open '/Volumes/mycode/mysoft_2026/myERP2025-master/myReact_ERP_v6.3.2/.next/BUILD_ID'] {
2025-03-16T21:37:34:   errno: -2,
2025-03-16T21:37:34:   code: 'ENOENT',
2025-03-16T21:37:34:   syscall: 'open',
2025-03-16T21:37:34:   path: '/Volumes/mycode/mysoft_2026/myERP2025-master/myReact_ERP_v6.3.2/.next/BUILD_ID'
2025-03-16T21:37:34: }
2025-03-16T21:37:35: 
2025-03-16T21:37:35: > FHERP@10.1.0-FHERPstart
2025-03-16T21:37:35: > next start
2025-03-16T21:37:35: 
2025-03-16T21:37:36: [Error: ENOENT: no such file or directory, open '/Volumes/mycode/mysoft_2026/myERP2025-master/myReact_ERP_v6.3.2/.next/BUILD_ID'] {
2025-03-16T21:37:36:   errno: -2,
2025-03-16T21:37:36:   code: 'ENOENT',
2025-03-16T21:37:36:   syscall: 'open',
2025-03-16T21:37:36:   path: '/Volumes/mycode/mysoft_2026/myERP2025-master/myReact_ERP_v6.3.2/.next/BUILD_ID'
2025-03-16T21:37:36: }
2025-03-16T21:37:36: 
2025-03-16T21:37:36: > FHERP@10.1.0-FHERPstart
2025-03-16T21:37:36: > next start
2025-03-16T21:37:36: 
2025-03-16T21:37:37: [Error: ENOENT: no such file or directory, open '/Volumes/mycode/mysoft_2026/myERP2025-master/myReact_ERP_v6.3.2/.next/BUILD_ID'] {
2025-03-16T21:37:37:   errno: -2,
2025-03-16T21:37:37:   code: 'ENOENT',
2025-03-16T21:37:37:   syscall: 'open',
2025-03-16T21:37:37:   path: '/Volumes/mycode/mysoft_2026/myERP2025-master/myReact_ERP_v6.3.2/.next/BUILD_ID'
2025-03-16T21:37:37: }
2025-03-16T21:37:38: 
2025-03-16T21:37:38: > FHERP@10.1.0-FHERPstart
2025-03-16T21:37:38: > next start
2025-03-16T21:37:38: 
2025-03-16T21:37:38: [Error: ENOENT: no such file or directory, open '/Volumes/mycode/mysoft_2026/myERP2025-master/myReact_ERP_v6.3.2/.next/BUILD_ID'] {
2025-03-16T21:37:38:   errno: -2,
2025-03-16T21:37:38:   code: 'ENOENT',
2025-03-16T21:37:38:   syscall: 'open',
2025-03-16T21:37:38:   path: '/Volumes/mycode/mysoft_2026/myERP2025-master/myReact_ERP_v6.3.2/.next/BUILD_ID'
2025-03-16T21:37:38: }
2025-03-16T21:37:39: 
2025-03-16T21:37:39: > FHERP@10.1.0-FHERPstart
2025-03-16T21:37:39: > next start
2025-03-16T21:37:39: 
2025-03-16T21:37:40: [Error: ENOENT: no such file or directory, open '/Volumes/mycode/mysoft_2026/myERP2025-master/myReact_ERP_v6.3.2/.next/BUILD_ID'] {
2025-03-16T21:37:40:   errno: -2,
2025-03-16T21:37:40:   code: 'ENOENT',
2025-03-16T21:37:40:   syscall: 'open',
2025-03-16T21:37:40:   path: '/Volumes/mycode/mysoft_2026/myERP2025-master/myReact_ERP_v6.3.2/.next/BUILD_ID'
2025-03-16T21:37:40: }
2025-03-16T21:37:41: 
2025-03-16T21:37:41: > FHERP@10.1.0-FHERPstart
2025-03-16T21:37:41: > next start
2025-03-16T21:37:41: 
2025-03-16T21:37:41: [Error: ENOENT: no such file or directory, open '/Volumes/mycode/mysoft_2026/myERP2025-master/myReact_ERP_v6.3.2/.next/BUILD_ID'] {
2025-03-16T21:37:41:   errno: -2,
2025-03-16T21:37:41:   code: 'ENOENT',
2025-03-16T21:37:41:   syscall: 'open',
2025-03-16T21:37:41:   path: '/Volumes/mycode/mysoft_2026/myERP2025-master/myReact_ERP_v6.3.2/.next/BUILD_ID'
2025-03-16T21:37:41: }
2025-03-16T21:37:42: 
2025-03-16T21:37:42: > FHERP@10.1.0-FHERPstart
2025-03-16T21:37:42: > next start
2025-03-16T21:37:42: 
2025-03-16T21:37:43: [Error: ENOENT: no such file or directory, open '/Volumes/mycode/mysoft_2026/myERP2025-master/myReact_ERP_v6.3.2/.next/BUILD_ID'] {
2025-03-16T21:37:43:   errno: -2,
2025-03-16T21:37:43:   code: 'ENOENT',
2025-03-16T21:37:43:   syscall: 'open',
2025-03-16T21:37:43:   path: '/Volumes/mycode/mysoft_2026/myERP2025-master/myReact_ERP_v6.3.2/.next/BUILD_ID'
2025-03-16T21:37:43: }
2025-03-16T21:37:44: 
2025-03-16T21:37:44: > FHERP@10.1.0-FHERPstart
2025-03-16T21:37:44: > next start
2025-03-16T21:37:44: 
2025-03-16T21:37:45: [Error: ENOENT: no such file or directory, open '/Volumes/mycode/mysoft_2026/myERP2025-master/myReact_ERP_v6.3.2/.next/BUILD_ID'] {
2025-03-16T21:37:45:   errno: -2,
2025-03-16T21:37:45:   code: 'ENOENT',
2025-03-16T21:37:45:   syscall: 'open',
2025-03-16T21:37:45:   path: '/Volumes/mycode/mysoft_2026/myERP2025-master/myReact_ERP_v6.3.2/.next/BUILD_ID'
2025-03-16T21:37:45: }
2025-03-16T21:37:46: 
2025-03-16T21:37:46: > FHERP@10.1.0-FHERPstart
2025-03-16T21:37:46: > next start
2025-03-16T21:37:46: 
2025-03-16T21:37:47: [Error: ENOENT: no such file or directory, open '/Volumes/mycode/mysoft_2026/myERP2025-master/myReact_ERP_v6.3.2/.next/BUILD_ID'] {
2025-03-16T21:37:47:   errno: -2,
2025-03-16T21:37:47:   code: 'ENOENT',
2025-03-16T21:37:47:   syscall: 'open',
2025-03-16T21:37:47:   path: '/Volumes/mycode/mysoft_2026/myERP2025-master/myReact_ERP_v6.3.2/.next/BUILD_ID'
2025-03-16T21:37:47: }
2025-03-16T21:37:49: 
2025-03-16T21:37:49: > FHERP@10.1.0-FHERPstart
2025-03-16T21:37:49: > next start
2025-03-16T21:37:49: 
2025-03-16T21:37:49: [Error: ENOENT: no such file or directory, open '/Volumes/mycode/mysoft_2026/myERP2025-master/myReact_ERP_v6.3.2/.next/BUILD_ID'] {
2025-03-16T21:37:49:   errno: -2,
2025-03-16T21:37:49:   code: 'ENOENT',
2025-03-16T21:37:49:   syscall: 'open',
2025-03-16T21:37:49:   path: '/Volumes/mycode/mysoft_2026/myERP2025-master/myReact_ERP_v6.3.2/.next/BUILD_ID'
2025-03-16T21:37:49: }
2025-03-16T21:37:50: 
2025-03-16T21:37:50: > FHERP@10.1.0-FHERPstart
2025-03-16T21:37:50: > next start
2025-03-16T21:37:50: 
2025-03-16T21:37:51: [Error: ENOENT: no such file or directory, open '/Volumes/mycode/mysoft_2026/myERP2025-master/myReact_ERP_v6.3.2/.next/BUILD_ID'] {
2025-03-16T21:37:51:   errno: -2,
2025-03-16T21:37:51:   code: 'ENOENT',
2025-03-16T21:37:51:   syscall: 'open',
2025-03-16T21:37:51:   path: '/Volumes/mycode/mysoft_2026/myERP2025-master/myReact_ERP_v6.3.2/.next/BUILD_ID'
2025-03-16T21:37:51: }
2025-03-16T21:37:52: 
2025-03-16T21:37:52: > FHERP@10.1.0-FHERPstart
2025-03-16T21:37:52: > next start
2025-03-16T21:37:52: 
2025-03-16T21:37:53: [Error: ENOENT: no such file or directory, open '/Volumes/mycode/mysoft_2026/myERP2025-master/myReact_ERP_v6.3.2/.next/BUILD_ID'] {
2025-03-16T21:37:53:   errno: -2,
2025-03-16T21:37:53:   code: 'ENOENT',
2025-03-16T21:37:53:   syscall: 'open',
2025-03-16T21:37:53:   path: '/Volumes/mycode/mysoft_2026/myERP2025-master/myReact_ERP_v6.3.2/.next/BUILD_ID'
2025-03-16T21:37:53: }
2025-03-16T21:37:54: 
2025-03-16T21:37:54: > FHERP@10.1.0-FHERPstart
2025-03-16T21:37:54: > next start
2025-03-16T21:37:54: 
2025-03-16T21:37:54: [Error: ENOENT: no such file or directory, open '/Volumes/mycode/mysoft_2026/myERP2025-master/myReact_ERP_v6.3.2/.next/BUILD_ID'] {
2025-03-16T21:37:54:   errno: -2,
2025-03-16T21:37:54:   code: 'ENOENT',
2025-03-16T21:37:54:   syscall: 'open',
2025-03-16T21:37:54:   path: '/Volumes/mycode/mysoft_2026/myERP2025-master/myReact_ERP_v6.3.2/.next/BUILD_ID'
2025-03-16T21:37:54: }
2025-03-16T21:37:55: 
2025-03-16T21:37:55: > FHERP@10.1.0-FHERPstart
2025-03-16T21:37:55: > next start
2025-03-16T21:37:55: 
2025-03-16T21:37:56: [Error: ENOENT: no such file or directory, open '/Volumes/mycode/mysoft_2026/myERP2025-master/myReact_ERP_v6.3.2/.next/BUILD_ID'] {
2025-03-16T21:37:56:   errno: -2,
2025-03-16T21:37:56:   code: 'ENOENT',
2025-03-16T21:37:56:   syscall: 'open',
2025-03-16T21:37:56:   path: '/Volumes/mycode/mysoft_2026/myERP2025-master/myReact_ERP_v6.3.2/.next/BUILD_ID'
2025-03-16T21:37:56: }
2025-03-16T21:37:57: 
2025-03-16T21:37:57: > FHERP@10.1.0-FHERPstart
2025-03-16T21:37:57: > next start
2025-03-16T21:37:57: 
2025-03-16T21:37:58: [Error: ENOENT: no such file or directory, open '/Volumes/mycode/mysoft_2026/myERP2025-master/myReact_ERP_v6.3.2/.next/BUILD_ID'] {
2025-03-16T21:37:58:   errno: -2,
2025-03-16T21:37:58:   code: 'ENOENT',
2025-03-16T21:37:58:   syscall: 'open',
2025-03-16T21:37:58:   path: '/Volumes/mycode/mysoft_2026/myERP2025-master/myReact_ERP_v6.3.2/.next/BUILD_ID'
2025-03-16T21:37:58: }
